Using pre-set license
Built from '2020.3/staging' branch; Version is '2020.3.13f1 (71691879b7f5) revision 7432472'; Using compiler version '192528614'; Build Type 'Release'
OS: 'Windows 10 Pro; OS build 19043.1348; Version 2009; 64bit' Language: 'tr' Physical Memory: 8080 MB
BatchMode: 1, IsHumanControllingUs: 0, StartBugReporterOnCrash: 0, Is64bit: 1, IsPro: 0

 COMMAND LINE ARGUMENTS:
C:\Program Files\Unity\Hub\Editor\2020.3.13f1\Editor\Unity.exe
-adb2
-batchMode
-noUpm
-name
AssetImportWorker0
-projectPath
C:/Users/Burak/Desktop/Github/Shooting-Range-Unity3D/Shooting Range
-logFile
Logs/AssetImportWorker0.log
-srvPort
60675
Successfully changed project path to: C:/Users/Burak/Desktop/Github/Shooting-Range-Unity3D/Shooting Range
C:/Users/Burak/Desktop/Github/Shooting-Range-Unity3D/Shooting Range
Using Asset Import Pipeline V2.
Refreshing native plugins compatible for Editor in 78.60 ms, found 2 plugins.
Preloading 0 native plugins for Editor in 0.00 ms.
Initialize engine version: 2020.3.13f1 (71691879b7f5)
[Subsystems] Discovering subsystems at path C:/Program Files/Unity/Hub/Editor/2020.3.13f1/Editor/Data/Resources/UnitySubsystems
[Subsystems] Discovering subsystems at path C:/Users/Burak/Desktop/Github/Shooting-Range-Unity3D/Shooting Range/Assets
GfxDevice: creating device client; threaded=0
Direct3D:
    Version:  Direct3D 11.0 [level 11.1]
    Renderer: NVIDIA GeForce GTX 1050 (ID=0x1c8d)
    Vendor:   
    VRAM:     4019 MB
    Driver:   30.0.14.9649
Shader 'Universal Render Pipeline/Particles/Lit': fallback shader 'Universal Render Pipeline/Particles/SimpleLit' not found
Initialize mono
Mono path[0] = 'C:/Program Files/Unity/Hub/Editor/2020.3.13f1/Editor/Data/Managed'
Mono path[1] = 'C:/Program Files/Unity/Hub/Editor/2020.3.13f1/Editor/Data/MonoBleedingEdge/lib/mono/unityjit'
Mono config path = 'C:/Program Files/Unity/Hub/Editor/2020.3.13f1/Editor/Data/MonoBleedingEdge/etc'
Using monoOptions --debugger-agent=transport=dt_socket,embedding=1,server=y,suspend=n,address=127.0.0.1:56736
Begin MonoManager ReloadAssembly
Registering precompiled unity dll's ...
Register platform support module: C:/Program Files/Unity/Hub/Editor/2020.3.13f1/Editor/Data/PlaybackEngines/WebGLSupport/UnityEditor.WebGL.Extensions.dll
Register platform support module: C:/Program Files/Unity/Hub/Editor/2020.3.13f1/Editor/Data/PlaybackEngines/WindowsStandaloneSupport/UnityEditor.WindowsStandalone.Extensions.dll
Registered in 0.002668 seconds.
Native extension for WindowsStandalone target not found
Native extension for WebGL target not found
Refreshing native plugins compatible for Editor in 69.37 ms, found 2 plugins.
Preloading 0 native plugins for Editor in 0.00 ms.
Mono: successfully reloaded assembly
- Completed reload, in  8.094 seconds
Platform modules already initialized, skipping
Registering precompiled user dll's ...
Registered in 0.138101 seconds.
Begin MonoManager ReloadAssembly
Native extension for WindowsStandalone target not found
Native extension for WebGL target not found
Refreshing native plugins compatible for Editor in 67.04 ms, found 2 plugins.
Preloading 0 native plugins for Editor in 0.00 ms.
Mono: successfully reloaded assembly
- Completed reload, in  1.475 seconds
Platform modules already initialized, skipping
========================================================================
Worker process is ready to serve import requests
Shader 'Universal Render Pipeline/Particles/Lit': fallback shader 'Universal Render Pipeline/Particles/SimpleLit' not found
Launched and connected shader compiler UnityShaderCompiler.exe after 0.07 seconds
Refreshing native plugins compatible for Editor in 0.86 ms, found 2 plugins.
Preloading 0 native plugins for Editor in 0.00 ms.
Unloading 2850 Unused Serialized files (Serialized files now loaded: 0)
System memory in use before: 209.1 MB.
System memory in use after: 207.4 MB.

Unloading 53 unused Assets to reduce memory usage. Loaded Objects now: 3263.
Total: 3.778700 ms (FindLiveObjects: 0.283600 ms CreateObjectMapping: 0.185500 ms MarkObjects: 2.308700 ms  DeleteObjects: 1.000000 ms)

AssetImportParameters requested are different than current active one (requested -> active):
  custom:framework-win-MediaFoundation: 216162199b28c13a410421893ffa2e32 -> 
  custom:video-decoder-ogg-theora: a1e56fd34408186e4bbccfd4996cb3dc -> 
  custom:container-muxer-webm: aa71ff27fc2769a1b78a27578f13a17b -> 
  custom:container-demuxer-webm: 4f35f7cbe854078d1ac9338744f61a02 -> 
  custom:container-demuxer-ogg: 62fdf1f143b41e24485cea50d1cbac27 -> 
  custom:video-encoder-webm-vp8: eb34c28f22e8b96e1ab97ce403110664 -> 
  custom:video-decoder-webm-vp8: 9c59270c3fd7afecdb556c50c9e8de78 -> 
  custom:audio-decoder-ogg-vorbis: bf7c407c2cedff20999df2af8eb42d56 -> 
  custom:audio-encoder-webm-vorbis: bf7c407c2cedff20999df2af8eb42d56 -> 
========================================================================
Received Import Request.
  path: Assets/Resources/Materials/Blue.mat
  artifactKey: Guid(297c064cf5aac414198ff7ee8f8dd521) Importer(815301076,1909f56bfc062723c751e8b465ee728b)
Start importing Assets/Resources/Materials/Blue.mat using Guid(297c064cf5aac414198ff7ee8f8dd521) Importer(815301076,1909f56bfc062723c751e8b465ee728b)  -> (artifact id: '0cb546e7a2e3683be20c58d4de4b4802') in 0.356243 seconds 
  Import took 0.363833 seconds .

========================================================================
Received Import Request.
  Time since last request: 7.413649 seconds.
  path: Assets/Resources/Materials/Black.mat
  artifactKey: Guid(03b8386af6ef2994e8d74b2f517a433b) Importer(815301076,1909f56bfc062723c751e8b465ee728b)
Start importing Assets/Resources/Materials/Black.mat using Guid(03b8386af6ef2994e8d74b2f517a433b) Importer(815301076,1909f56bfc062723c751e8b465ee728b)  -> (artifact id: 'c17f04f21903eee96f8522328151f088') in 0.040258 seconds 
  Import took 0.048435 seconds .

========================================================================
Received Import Request.
  Time since last request: 4.975847 seconds.
  path: Assets/Resources/Materials/Black.mat
  artifactKey: Guid(03b8386af6ef2994e8d74b2f517a433b) Importer(815301076,1909f56bfc062723c751e8b465ee728b)
Start importing Assets/Resources/Materials/Black.mat using Guid(03b8386af6ef2994e8d74b2f517a433b) Importer(815301076,1909f56bfc062723c751e8b465ee728b)  -> (artifact id: '02d4a5d4ed108e382522e1dd4415e6c8') in 0.019290 seconds 
  Import took 0.028034 seconds .

========================================================================
Received Import Request.
  Time since last request: 7.035473 seconds.
  path: Assets/Resources/Materials/Yellow.mat
  artifactKey: Guid(bab4c05980ee68e4a9924a5bbeaf973e) Importer(815301076,1909f56bfc062723c751e8b465ee728b)
Start importing Assets/Resources/Materials/Yellow.mat using Guid(bab4c05980ee68e4a9924a5bbeaf973e) Importer(815301076,1909f56bfc062723c751e8b465ee728b)  -> (artifact id: 'd789ef4332a4d5a702bccd01c153c2d1') in 0.023436 seconds 
  Import took 0.029081 seconds .

========================================================================
Received Import Request.
  Time since last request: 5.991088 seconds.
  path: Assets/Resources/Materials/Yellow.mat
  artifactKey: Guid(bab4c05980ee68e4a9924a5bbeaf973e) Importer(815301076,1909f56bfc062723c751e8b465ee728b)
Start importing Assets/Resources/Materials/Yellow.mat using Guid(bab4c05980ee68e4a9924a5bbeaf973e) Importer(815301076,1909f56bfc062723c751e8b465ee728b)  -> (artifact id: '8bfdbd02299b77a70bebebcf72ad82c2') in 0.025366 seconds 
  Import took 0.033833 seconds .

========================================================================
Received Import Request.
  Time since last request: 0.013541 seconds.
  path: Assets/Resources/Materials/Yellow.mat
  artifactKey: Guid(bab4c05980ee68e4a9924a5bbeaf973e) Importer(815301076,1909f56bfc062723c751e8b465ee728b)
Start importing Assets/Resources/Materials/Yellow.mat using Guid(bab4c05980ee68e4a9924a5bbeaf973e) Importer(815301076,1909f56bfc062723c751e8b465ee728b)  -> (artifact id: '8bfdbd02299b77a70bebebcf72ad82c2') in 0.019758 seconds 
  Import took 0.029194 seconds .

========================================================================
Received Import Request.
  Time since last request: 5.479967 seconds.
  path: Assets/Resources/Materials/Red.mat
  artifactKey: Guid(00022220dcb521d4d9cc9cc558ce2c57) Importer(815301076,1909f56bfc062723c751e8b465ee728b)
Start importing Assets/Resources/Materials/Red.mat using Guid(00022220dcb521d4d9cc9cc558ce2c57) Importer(815301076,1909f56bfc062723c751e8b465ee728b)  -> (artifact id: 'bb9777d084d279bddf1750d864aed6e7') in 0.021169 seconds 
  Import took 0.028354 seconds .

========================================================================
Received Import Request.
  Time since last request: 20.767079 seconds.
  path: Assets/Resources/Materials/Red.mat
  artifactKey: Guid(00022220dcb521d4d9cc9cc558ce2c57) Importer(815301076,1909f56bfc062723c751e8b465ee728b)
Start importing Assets/Resources/Materials/Red.mat using Guid(00022220dcb521d4d9cc9cc558ce2c57) Importer(815301076,1909f56bfc062723c751e8b465ee728b)  -> (artifact id: 'da4a0d5f2e5a80df0f9e25357da344df') in 0.019942 seconds 
  Import took 0.029347 seconds .

========================================================================
Received Import Request.
  Time since last request: 5.978684 seconds.
  path: Assets/Resources/Materials/Green.mat
  artifactKey: Guid(9372cfa70c0be544d971221cb9cdc18a) Importer(815301076,1909f56bfc062723c751e8b465ee728b)
Start importing Assets/Resources/Materials/Green.mat using Guid(9372cfa70c0be544d971221cb9cdc18a) Importer(815301076,1909f56bfc062723c751e8b465ee728b)  -> (artifact id: 'a2ef1d1be2ef4a6ab17b2034442dc4ce') in 0.020710 seconds 
  Import took 0.027117 seconds .

========================================================================
Received Import Request.
  Time since last request: 6.355748 seconds.
  path: Assets/Resources/Materials/Green.mat
  artifactKey: Guid(9372cfa70c0be544d971221cb9cdc18a) Importer(815301076,1909f56bfc062723c751e8b465ee728b)
Start importing Assets/Resources/Materials/Green.mat using Guid(9372cfa70c0be544d971221cb9cdc18a) Importer(815301076,1909f56bfc062723c751e8b465ee728b)  -> (artifact id: '53260e9c3d2af2344244d41850b00b81') in 0.023931 seconds 
  Import took 0.034553 seconds .

========================================================================
Received Prepare
Registering precompiled user dll's ...
Registered in 0.008276 seconds.
Begin MonoManager ReloadAssembly
Native extension for WindowsStandalone target not found
Native extension for WebGL target not found
Refreshing native plugins compatible for Editor in 0.67 ms, found 2 plugins.
Preloading 0 native plugins for Editor in 0.00 ms.
Mono: successfully reloaded assembly
- Completed reload, in  1.313 seconds
Platform modules already initialized, skipping
Shader 'Universal Render Pipeline/Particles/Lit': fallback shader 'Universal Render Pipeline/Particles/SimpleLit' not found
Refreshing native plugins compatible for Editor in 0.83 ms, found 2 plugins.
Preloading 0 native plugins for Editor in 0.00 ms.
Unloading 2740 Unused Serialized files (Serialized files now loaded: 0)
System memory in use before: 207.5 MB.
System memory in use after: 205.8 MB.

Unloading 48 unused Assets to reduce memory usage. Loaded Objects now: 3344.
Total: 4.194100 ms (FindLiveObjects: 0.303500 ms CreateObjectMapping: 0.297800 ms MarkObjects: 2.499600 ms  DeleteObjects: 1.092000 ms)

AssetImportParameters requested are different than current active one (requested -> active):
  custom:framework-win-MediaFoundation: 216162199b28c13a410421893ffa2e32 -> 
  custom:video-decoder-ogg-theora: a1e56fd34408186e4bbccfd4996cb3dc -> 
  custom:container-muxer-webm: aa71ff27fc2769a1b78a27578f13a17b -> 
  custom:container-demuxer-webm: 4f35f7cbe854078d1ac9338744f61a02 -> 
  custom:container-demuxer-ogg: 62fdf1f143b41e24485cea50d1cbac27 -> 
  custom:video-encoder-webm-vp8: eb34c28f22e8b96e1ab97ce403110664 -> 
  custom:video-decoder-webm-vp8: 9c59270c3fd7afecdb556c50c9e8de78 -> 
  custom:audio-decoder-ogg-vorbis: bf7c407c2cedff20999df2af8eb42d56 -> 
  custom:audio-encoder-webm-vorbis: bf7c407c2cedff20999df2af8eb42d56 -> 
========================================================================
Received Import Request.
  Time since last request: 284.846679 seconds.
  path: Assets/Scripts/LevelData.cs
  artifactKey: Guid(b8a3b5a159fb61a4681f685d83fefed2) Importer(815301076,1909f56bfc062723c751e8b465ee728b)
Start importing Assets/Scripts/LevelData.cs using Guid(b8a3b5a159fb61a4681f685d83fefed2) Importer(815301076,1909f56bfc062723c751e8b465ee728b)  -> (artifact id: '49bdb086dd3d5b46e4e8f8651b3ad695') in 0.019948 seconds 
  Import took 0.026499 seconds .

========================================================================
Received Import Request.
  Time since last request: 122.019018 seconds.
  path: Assets/Resources/Prefabs/Mug_clone.prefab
  artifactKey: Guid(99d953e2ab6527640aedc00462c38a30) Importer(815301076,1909f56bfc062723c751e8b465ee728b)
Start importing Assets/Resources/Prefabs/Mug_clone.prefab using Guid(99d953e2ab6527640aedc00462c38a30) Importer(815301076,1909f56bfc062723c751e8b465ee728b)  -> (artifact id: '91a5f1d834461215eff5a2b89e290710') in 0.073397 seconds 
  Import took 0.081191 seconds .

========================================================================
Received Import Request.
  Time since last request: 0.000309 seconds.
  path: Assets/Resources/Prefabs/MugBroken.prefab
  artifactKey: Guid(91c9ed31de0f05047be52df298000a71) Importer(815301076,1909f56bfc062723c751e8b465ee728b)
Start importing Assets/Resources/Prefabs/MugBroken.prefab using Guid(91c9ed31de0f05047be52df298000a71) Importer(815301076,1909f56bfc062723c751e8b465ee728b)  -> (artifact id: '66fd8ac1af9f95c0ce4bd72b86aa0ffb') in 0.191931 seconds 
  Import took 0.198401 seconds .

========================================================================
Received Import Request.
  Time since last request: 0.000303 seconds.
  path: Assets/Resources/Prefabs/SaucerBroken.prefab
  artifactKey: Guid(f40c975ec5d2ac9419d23baa942ac0d2) Importer(815301076,1909f56bfc062723c751e8b465ee728b)
Start importing Assets/Resources/Prefabs/SaucerBroken.prefab using Guid(f40c975ec5d2ac9419d23baa942ac0d2) Importer(815301076,1909f56bfc062723c751e8b465ee728b)  -> (artifact id: 'aa7906b414b252d8781951e2fbc6164a') in 0.026844 seconds 
  Import took 0.035103 seconds .

========================================================================
Received Import Request.
  Time since last request: 10.033506 seconds.
  path: Assets/Resources/Models/Mug
  artifactKey: Guid(88ba67fd10af67747881f22e91ea05a4) Importer(815301076,1909f56bfc062723c751e8b465ee728b)
Start importing Assets/Resources/Models/Mug using Guid(88ba67fd10af67747881f22e91ea05a4) Importer(815301076,1909f56bfc062723c751e8b465ee728b)  -> (artifact id: 'dbc2a66b15fecf8a446ea396f360e7de') in 0.012791 seconds 
  Import took 0.019191 seconds .

========================================================================
Received Import Request.
  Time since last request: 0.055398 seconds.
  path: Assets/Resources/Models/Mug/Mug.fbx
  artifactKey: Guid(f533bd443927c984199f984fa45ba2b0) Importer(815301076,1909f56bfc062723c751e8b465ee728b)
Start importing Assets/Resources/Models/Mug/Mug.fbx using Guid(f533bd443927c984199f984fa45ba2b0) Importer(815301076,1909f56bfc062723c751e8b465ee728b)  -> (artifact id: '6aaa33b4611f7d60cf81597360fff5af') in 0.112477 seconds 
  Import took 0.119142 seconds .

========================================================================
Received Import Request.
  Time since last request: 0.000258 seconds.
  path: Assets/Resources/Models/Mug/Plate.fbx
  artifactKey: Guid(26d56539f7d07214cbb7019fffec0a1b) Importer(815301076,1909f56bfc062723c751e8b465ee728b)
Start importing Assets/Resources/Models/Mug/Plate.fbx using Guid(26d56539f7d07214cbb7019fffec0a1b) Importer(815301076,1909f56bfc062723c751e8b465ee728b)  -> (artifact id: 'b57b502cc44f120abd7de2c20426d115') in 0.042030 seconds 
  Import took 0.052624 seconds .

========================================================================
Received Import Request.
  Time since last request: 27.747557 seconds.
  path: Assets/Resources/Prefabs/MugBroken.prefab
  artifactKey: Guid(91c9ed31de0f05047be52df298000a71) Importer(815301076,1909f56bfc062723c751e8b465ee728b)
Start importing Assets/Resources/Prefabs/MugBroken.prefab using Guid(91c9ed31de0f05047be52df298000a71) Importer(815301076,1909f56bfc062723c751e8b465ee728b)  -> (artifact id: '57f71097a15d350a7ae5ad6ba91fbbdb') in 0.025152 seconds 
  Import took 0.037080 seconds .

========================================================================
Received Import Request.
  Time since last request: 78.097741 seconds.
  path: Assets/Resources/Materials/White.mat
  artifactKey: Guid(4899a359e108e8d41bbee75e682d6551) Importer(815301076,1909f56bfc062723c751e8b465ee728b)
Start importing Assets/Resources/Materials/White.mat using Guid(4899a359e108e8d41bbee75e682d6551) Importer(815301076,1909f56bfc062723c751e8b465ee728b)  -> (artifact id: '7a96562994b0728a6e638eaa9ae097a4') in 0.025287 seconds 
  Import took 0.033089 seconds .

========================================================================
Received Import Request.
  Time since last request: 30.218385 seconds.
  path: Assets/Resources/Prefabs/MugBroken.prefab
  artifactKey: Guid(91c9ed31de0f05047be52df298000a71) Importer(815301076,1909f56bfc062723c751e8b465ee728b)
Start importing Assets/Resources/Prefabs/MugBroken.prefab using Guid(91c9ed31de0f05047be52df298000a71) Importer(815301076,1909f56bfc062723c751e8b465ee728b)  -> (artifact id: 'ce5381ec4f3f0ce0bba7af712b6e1163') in 0.018524 seconds 
  Import took 0.025499 seconds .

========================================================================
Received Import Request.
  Time since last request: 75.350647 seconds.
  path: Assets/Resources/Prefabs/SaucerBroken.prefab
  artifactKey: Guid(f40c975ec5d2ac9419d23baa942ac0d2) Importer(815301076,1909f56bfc062723c751e8b465ee728b)
Start importing Assets/Resources/Prefabs/SaucerBroken.prefab using Guid(f40c975ec5d2ac9419d23baa942ac0d2) Importer(815301076,1909f56bfc062723c751e8b465ee728b)  -> (artifact id: 'a149484211eb13ca45219e77b5b6c9db') in 0.016248 seconds 
  Import took 0.024396 seconds .

========================================================================
Received Prepare
Registering precompiled user dll's ...
Registered in 0.008698 seconds.
Begin MonoManager ReloadAssembly
Native extension for WindowsStandalone target not found
Native extension for WebGL target not found
Refreshing native plugins compatible for Editor in 0.84 ms, found 2 plugins.
Preloading 0 native plugins for Editor in 0.00 ms.
Mono: successfully reloaded assembly
- Completed reload, in  2.050 seconds
Platform modules already initialized, skipping
Shader 'Universal Render Pipeline/Particles/Lit': fallback shader 'Universal Render Pipeline/Particles/SimpleLit' not found
Refreshing native plugins compatible for Editor in 0.80 ms, found 2 plugins.
Preloading 0 native plugins for Editor in 0.00 ms.
Unloading 2740 Unused Serialized files (Serialized files now loaded: 0)
System memory in use before: 209.7 MB.
System memory in use after: 208.1 MB.

Unloading 48 unused Assets to reduce memory usage. Loaded Objects now: 3386.
Total: 4.113100 ms (FindLiveObjects: 0.448100 ms CreateObjectMapping: 0.149000 ms MarkObjects: 2.431200 ms  DeleteObjects: 1.083400 ms)

AssetImportParameters requested are different than current active one (requested -> active):
  custom:framework-win-MediaFoundation: 216162199b28c13a410421893ffa2e32 -> 
  custom:video-decoder-ogg-theora: a1e56fd34408186e4bbccfd4996cb3dc -> 
  custom:container-muxer-webm: aa71ff27fc2769a1b78a27578f13a17b -> 
  custom:container-demuxer-webm: 4f35f7cbe854078d1ac9338744f61a02 -> 
  custom:container-demuxer-ogg: 62fdf1f143b41e24485cea50d1cbac27 -> 
  custom:video-encoder-webm-vp8: eb34c28f22e8b96e1ab97ce403110664 -> 
  custom:video-decoder-webm-vp8: 9c59270c3fd7afecdb556c50c9e8de78 -> 
  custom:audio-decoder-ogg-vorbis: bf7c407c2cedff20999df2af8eb42d56 -> 
  custom:audio-encoder-webm-vorbis: bf7c407c2cedff20999df2af8eb42d56 -> 
========================================================================
Received Import Request.
  Time since last request: 1012.629894 seconds.
  path: Assets/Post Processing
  artifactKey: Guid(3603d77e1166e7f4b872306224caf650) Importer(815301076,1909f56bfc062723c751e8b465ee728b)
Start importing Assets/Post Processing using Guid(3603d77e1166e7f4b872306224caf650) Importer(815301076,1909f56bfc062723c751e8b465ee728b)  -> (artifact id: '38011671b5d4481c84286f13ce053244') in 0.020631 seconds 
  Import took 0.031751 seconds .

========================================================================
Received Prepare
Registering precompiled user dll's ...
Registered in 0.127774 seconds.
Begin MonoManager ReloadAssembly
Native extension for WindowsStandalone target not found
Native extension for WebGL target not found
Refreshing native plugins compatible for Editor in 0.82 ms, found 2 plugins.
Preloading 0 native plugins for Editor in 0.00 ms.
Mono: successfully reloaded assembly
- Completed reload, in  5.112 seconds
Platform modules already initialized, skipping
Shader 'Universal Render Pipeline/Particles/Lit': fallback shader 'Universal Render Pipeline/Particles/SimpleLit' not found
Refreshing native plugins compatible for Editor in 1.01 ms, found 2 plugins.
Preloading 0 native plugins for Editor in 0.00 ms.
Unloading 2740 Unused Serialized files (Serialized files now loaded: 0)
System memory in use before: 209.7 MB.
System memory in use after: 208.0 MB.

Unloading 48 unused Assets to reduce memory usage. Loaded Objects now: 3389.
Total: 6.634300 ms (FindLiveObjects: 0.745200 ms CreateObjectMapping: 0.540800 ms MarkObjects: 3.545500 ms  DeleteObjects: 1.801100 ms)

AssetImportParameters requested are different than current active one (requested -> active):
  custom:framework-win-MediaFoundation: 216162199b28c13a410421893ffa2e32 -> 
  custom:video-decoder-ogg-theora: a1e56fd34408186e4bbccfd4996cb3dc -> 
  custom:container-muxer-webm: aa71ff27fc2769a1b78a27578f13a17b -> 
  custom:container-demuxer-webm: 4f35f7cbe854078d1ac9338744f61a02 -> 
  custom:container-demuxer-ogg: 62fdf1f143b41e24485cea50d1cbac27 -> 
  custom:video-encoder-webm-vp8: eb34c28f22e8b96e1ab97ce403110664 -> 
  custom:video-decoder-webm-vp8: 9c59270c3fd7afecdb556c50c9e8de78 -> 
  custom:audio-decoder-ogg-vorbis: bf7c407c2cedff20999df2af8eb42d56 -> 
  custom:audio-encoder-webm-vorbis: bf7c407c2cedff20999df2af8eb42d56 -> 
========================================================================
Received Prepare
Registering precompiled user dll's ...
Registered in 0.007829 seconds.
Begin MonoManager ReloadAssembly
Native extension for WindowsStandalone target not found
Native extension for WebGL target not found
Refreshing native plugins compatible for Editor in 0.76 ms, found 2 plugins.
Preloading 0 native plugins for Editor in 0.00 ms.
Mono: successfully reloaded assembly
- Completed reload, in  1.342 seconds
Platform modules already initialized, skipping
Shader 'Universal Render Pipeline/Particles/Lit': fallback shader 'Universal Render Pipeline/Particles/SimpleLit' not found
Refreshing native plugins compatible for Editor in 0.74 ms, found 2 plugins.
Preloading 0 native plugins for Editor in 0.00 ms.
Unloading 2740 Unused Serialized files (Serialized files now loaded: 0)
System memory in use before: 209.7 MB.
System memory in use after: 208.0 MB.

Unloading 48 unused Assets to reduce memory usage. Loaded Objects now: 3392.
Total: 4.721000 ms (FindLiveObjects: 0.466700 ms CreateObjectMapping: 0.205500 ms MarkObjects: 2.926100 ms  DeleteObjects: 1.121200 ms)

AssetImportParameters requested are different than current active one (requested -> active):
  custom:framework-win-MediaFoundation: 216162199b28c13a410421893ffa2e32 -> 
  custom:video-decoder-ogg-theora: a1e56fd34408186e4bbccfd4996cb3dc -> 
  custom:container-muxer-webm: aa71ff27fc2769a1b78a27578f13a17b -> 
  custom:container-demuxer-webm: 4f35f7cbe854078d1ac9338744f61a02 -> 
  custom:container-demuxer-ogg: 62fdf1f143b41e24485cea50d1cbac27 -> 
  custom:video-encoder-webm-vp8: eb34c28f22e8b96e1ab97ce403110664 -> 
  custom:video-decoder-webm-vp8: 9c59270c3fd7afecdb556c50c9e8de78 -> 
  custom:audio-decoder-ogg-vorbis: bf7c407c2cedff20999df2af8eb42d56 -> 
  custom:audio-encoder-webm-vorbis: bf7c407c2cedff20999df2af8eb42d56 -> 
========================================================================
Received Import Request.
  Time since last request: 268.632631 seconds.
  path: Assets/Scenes/TestScene
  artifactKey: Guid(eb20561ba61c5ad478dfcf1b9637d74b) Importer(815301076,1909f56bfc062723c751e8b465ee728b)
Start importing Assets/Scenes/TestScene using Guid(eb20561ba61c5ad478dfcf1b9637d74b) Importer(815301076,1909f56bfc062723c751e8b465ee728b)  -> (artifact id: 'cf2734025589546164fa9af43ff5ac23') in 0.018108 seconds 
  Import took 0.026347 seconds .

========================================================================
Received Import Request.
  Time since last request: 0.055269 seconds.
  path: Assets/Scenes/TestScene/PostProcessing Profile 1.asset
  artifactKey: Guid(0a9cae2cc35d89949a7cad41d8f89799) Importer(815301076,1909f56bfc062723c751e8b465ee728b)
Start importing Assets/Scenes/TestScene/PostProcessing Profile 1.asset using Guid(0a9cae2cc35d89949a7cad41d8f89799) Importer(815301076,1909f56bfc062723c751e8b465ee728b)  -> (artifact id: 'f5d3a252ed58f7c6d9955f074d47718e') in 0.129313 seconds 
  Import took 0.136370 seconds .

========================================================================
Received Import Request.
  Time since last request: 0.000305 seconds.
  path: Assets/Scenes/TestScene/PostProcessing Profile.asset
  artifactKey: Guid(134e88bf56477aa48a8e96fc0b4a61b0) Importer(815301076,1909f56bfc062723c751e8b465ee728b)
Start importing Assets/Scenes/TestScene/PostProcessing Profile.asset using Guid(134e88bf56477aa48a8e96fc0b4a61b0) Importer(815301076,1909f56bfc062723c751e8b465ee728b)  -> (artifact id: '57cf2a96d264e52a4247848958af5e59') in 0.013346 seconds 
  Import took 0.019406 seconds .

========================================================================
Received Import Request.
  Time since last request: 47.287568 seconds.
  path: Assets/Scenes/TestScene/PostProcessing Profile.asset
  artifactKey: Guid(134e88bf56477aa48a8e96fc0b4a61b0) Importer(815301076,1909f56bfc062723c751e8b465ee728b)
Start importing Assets/Scenes/TestScene/PostProcessing Profile.asset using Guid(134e88bf56477aa48a8e96fc0b4a61b0) Importer(815301076,1909f56bfc062723c751e8b465ee728b)  -> (artifact id: 'eeff0a4a9030bba1fe55077901fe2198') in 0.006882 seconds 
  Import took 0.021119 seconds .

========================================================================
Received Prepare
Registering precompiled user dll's ...
Registered in 0.013403 seconds.
Begin MonoManager ReloadAssembly
Native extension for WindowsStandalone target not found
Native extension for WebGL target not found
Refreshing native plugins compatible for Editor in 1.11 ms, found 2 plugins.
Preloading 0 native plugins for Editor in 0.00 ms.
Mono: successfully reloaded assembly
- Completed reload, in  3.069 seconds
Platform modules already initialized, skipping
Shader 'Universal Render Pipeline/Particles/Lit': fallback shader 'Universal Render Pipeline/Particles/SimpleLit' not found
Refreshing native plugins compatible for Editor in 1.22 ms, found 2 plugins.
Preloading 0 native plugins for Editor in 0.00 ms.
Unloading 2740 Unused Serialized files (Serialized files now loaded: 0)
System memory in use before: 209.8 MB.
System memory in use after: 208.1 MB.

Unloading 48 unused Assets to reduce memory usage. Loaded Objects now: 3395.
Total: 10.211100 ms (FindLiveObjects: 2.984800 ms CreateObjectMapping: 0.363200 ms MarkObjects: 5.496200 ms  DeleteObjects: 1.365100 ms)

AssetImportParameters requested are different than current active one (requested -> active):
  custom:framework-win-MediaFoundation: 216162199b28c13a410421893ffa2e32 -> 
  custom:video-decoder-ogg-theora: a1e56fd34408186e4bbccfd4996cb3dc -> 
  custom:container-muxer-webm: aa71ff27fc2769a1b78a27578f13a17b -> 
  custom:container-demuxer-webm: 4f35f7cbe854078d1ac9338744f61a02 -> 
  custom:container-demuxer-ogg: 62fdf1f143b41e24485cea50d1cbac27 -> 
  custom:video-encoder-webm-vp8: eb34c28f22e8b96e1ab97ce403110664 -> 
  custom:video-decoder-webm-vp8: 9c59270c3fd7afecdb556c50c9e8de78 -> 
  custom:audio-decoder-ogg-vorbis: bf7c407c2cedff20999df2af8eb42d56 -> 
  custom:audio-encoder-webm-vorbis: bf7c407c2cedff20999df2af8eb42d56 -> 
========================================================================
Received Import Request.
  Time since last request: 34.875300 seconds.
  path: Assets/Scenes/TestScene/PostProcessing Profile.asset
  artifactKey: Guid(134e88bf56477aa48a8e96fc0b4a61b0) Importer(815301076,1909f56bfc062723c751e8b465ee728b)
Start importing Assets/Scenes/TestScene/PostProcessing Profile.asset using Guid(134e88bf56477aa48a8e96fc0b4a61b0) Importer(815301076,1909f56bfc062723c751e8b465ee728b)  -> (artifact id: '8e24b766784501ae6ab23ee1aad741bb') in 0.105469 seconds 
  Import took 0.122049 seconds .

========================================================================
Received Prepare
Registering precompiled user dll's ...
Registered in 0.008960 seconds.
Begin MonoManager ReloadAssembly
Native extension for WindowsStandalone target not found
Native extension for WebGL target not found
Refreshing native plugins compatible for Editor in 0.67 ms, found 2 plugins.
Preloading 0 native plugins for Editor in 0.00 ms.
Mono: successfully reloaded assembly
- Completed reload, in  1.340 seconds
Platform modules already initialized, skipping
Shader 'Universal Render Pipeline/Particles/Lit': fallback shader 'Universal Render Pipeline/Particles/SimpleLit' not found
Refreshing native plugins compatible for Editor in 1.00 ms, found 2 plugins.
Preloading 0 native plugins for Editor in 0.00 ms.
Unloading 2740 Unused Serialized files (Serialized files now loaded: 0)
System memory in use before: 209.8 MB.
System memory in use after: 208.1 MB.

Unloading 48 unused Assets to reduce memory usage. Loaded Objects now: 3398.
Total: 4.755100 ms (FindLiveObjects: 0.293600 ms CreateObjectMapping: 0.146500 ms MarkObjects: 3.189000 ms  DeleteObjects: 1.124200 ms)

AssetImportParameters requested are different than current active one (requested -> active):
  custom:framework-win-MediaFoundation: 216162199b28c13a410421893ffa2e32 -> 
  custom:video-decoder-ogg-theora: a1e56fd34408186e4bbccfd4996cb3dc -> 
  custom:container-muxer-webm: aa71ff27fc2769a1b78a27578f13a17b -> 
  custom:container-demuxer-webm: 4f35f7cbe854078d1ac9338744f61a02 -> 
  custom:container-demuxer-ogg: 62fdf1f143b41e24485cea50d1cbac27 -> 
  custom:video-encoder-webm-vp8: eb34c28f22e8b96e1ab97ce403110664 -> 
  custom:video-decoder-webm-vp8: 9c59270c3fd7afecdb556c50c9e8de78 -> 
  custom:audio-decoder-ogg-vorbis: bf7c407c2cedff20999df2af8eb42d56 -> 
  custom:audio-encoder-webm-vorbis: bf7c407c2cedff20999df2af8eb42d56 -> 
========================================================================
Received Import Request.
  Time since last request: 117.059603 seconds.
  path: Assets/Scripts/Target/Mug.cs
  artifactKey: Guid(2e95ab6bd88b571448fb649eba415a88) Importer(815301076,1909f56bfc062723c751e8b465ee728b)
Start importing Assets/Scripts/Target/Mug.cs using Guid(2e95ab6bd88b571448fb649eba415a88) Importer(815301076,1909f56bfc062723c751e8b465ee728b)  -> (artifact id: 'f4cba763be0cd57d76620dbb88b92ff9') in 0.015734 seconds 
  Import took 0.029167 seconds .

========================================================================
Received Prepare
Registering precompiled user dll's ...
Registered in 0.007866 seconds.
Begin MonoManager ReloadAssembly
Native extension for WindowsStandalone target not found
Native extension for WebGL target not found
Refreshing native plugins compatible for Editor in 0.67 ms, found 2 plugins.
Preloading 0 native plugins for Editor in 0.00 ms.
Mono: successfully reloaded assembly
- Completed reload, in  1.367 seconds
Platform modules already initialized, skipping
Shader 'Universal Render Pipeline/Particles/Lit': fallback shader 'Universal Render Pipeline/Particles/SimpleLit' not found
Refreshing native plugins compatible for Editor in 0.68 ms, found 2 plugins.
Preloading 0 native plugins for Editor in 0.00 ms.
Unloading 2741 Unused Serialized files (Serialized files now loaded: 0)
System memory in use before: 209.8 MB.
System memory in use after: 208.1 MB.

Unloading 48 unused Assets to reduce memory usage. Loaded Objects now: 3402.
Total: 4.336400 ms (FindLiveObjects: 0.405900 ms CreateObjectMapping: 0.164000 ms MarkObjects: 2.657100 ms  DeleteObjects: 1.108400 ms)

AssetImportParameters requested are different than current active one (requested -> active):
  custom:framework-win-MediaFoundation: 216162199b28c13a410421893ffa2e32 -> 
  custom:video-decoder-ogg-theora: a1e56fd34408186e4bbccfd4996cb3dc -> 
  custom:container-muxer-webm: aa71ff27fc2769a1b78a27578f13a17b -> 
  custom:container-demuxer-webm: 4f35f7cbe854078d1ac9338744f61a02 -> 
  custom:container-demuxer-ogg: 62fdf1f143b41e24485cea50d1cbac27 -> 
  custom:video-encoder-webm-vp8: eb34c28f22e8b96e1ab97ce403110664 -> 
  custom:video-decoder-webm-vp8: 9c59270c3fd7afecdb556c50c9e8de78 -> 
  custom:audio-decoder-ogg-vorbis: bf7c407c2cedff20999df2af8eb42d56 -> 
  custom:audio-encoder-webm-vorbis: bf7c407c2cedff20999df2af8eb42d56 -> 
========================================================================
Received Import Request.
  Time since last request: 54.810875 seconds.
  path: Assets/Scripts/Target/Mug.cs
  artifactKey: Guid(2e95ab6bd88b571448fb649eba415a88) Importer(815301076,1909f56bfc062723c751e8b465ee728b)
Start importing Assets/Scripts/Target/Mug.cs using Guid(2e95ab6bd88b571448fb649eba415a88) Importer(815301076,1909f56bfc062723c751e8b465ee728b)  -> (artifact id: 'bd4fe290afcb948468f2d7b6fbb09476') in 0.016333 seconds 
  Import took 0.033276 seconds .

========================================================================
Received Prepare
Registering precompiled user dll's ...
Registered in 0.017185 seconds.
Begin MonoManager ReloadAssembly
Native extension for WindowsStandalone target not found
Native extension for WebGL target not found
Refreshing native plugins compatible for Editor in 0.89 ms, found 2 plugins.
Preloading 0 native plugins for Editor in 0.00 ms.
Mono: successfully reloaded assembly
- Completed reload, in  1.456 seconds
Platform modules already initialized, skipping
Shader 'Universal Render Pipeline/Particles/Lit': fallback shader 'Universal Render Pipeline/Particles/SimpleLit' not found
Refreshing native plugins compatible for Editor in 0.71 ms, found 2 plugins.
Preloading 0 native plugins for Editor in 0.00 ms.
Unloading 2741 Unused Serialized files (Serialized files now loaded: 0)
System memory in use before: 209.8 MB.
System memory in use after: 208.1 MB.

Unloading 48 unused Assets to reduce memory usage. Loaded Objects now: 3405.
Total: 4.238900 ms (FindLiveObjects: 0.304800 ms CreateObjectMapping: 0.139900 ms MarkObjects: 2.681100 ms  DeleteObjects: 1.111500 ms)

AssetImportParameters requested are different than current active one (requested -> active):
  custom:framework-win-MediaFoundation: 216162199b28c13a410421893ffa2e32 -> 
  custom:video-decoder-ogg-theora: a1e56fd34408186e4bbccfd4996cb3dc -> 
  custom:container-muxer-webm: aa71ff27fc2769a1b78a27578f13a17b -> 
  custom:container-demuxer-webm: 4f35f7cbe854078d1ac9338744f61a02 -> 
  custom:container-demuxer-ogg: 62fdf1f143b41e24485cea50d1cbac27 -> 
  custom:video-encoder-webm-vp8: eb34c28f22e8b96e1ab97ce403110664 -> 
  custom:video-decoder-webm-vp8: 9c59270c3fd7afecdb556c50c9e8de78 -> 
  custom:audio-decoder-ogg-vorbis: bf7c407c2cedff20999df2af8eb42d56 -> 
  custom:audio-encoder-webm-vorbis: bf7c407c2cedff20999df2af8eb42d56 -> 
========================================================================
Received Prepare
Registering precompiled user dll's ...
Registered in 0.009709 seconds.
Begin MonoManager ReloadAssembly
Native extension for WindowsStandalone target not found
Native extension for WebGL target not found
Refreshing native plugins compatible for Editor in 0.66 ms, found 2 plugins.
Preloading 0 native plugins for Editor in 0.00 ms.
Mono: successfully reloaded assembly
- Completed reload, in  1.518 seconds
Platform modules already initialized, skipping
Shader 'Universal Render Pipeline/Particles/Lit': fallback shader 'Universal Render Pipeline/Particles/SimpleLit' not found
Refreshing native plugins compatible for Editor in 0.68 ms, found 2 plugins.
Preloading 0 native plugins for Editor in 0.00 ms.
Unloading 2741 Unused Serialized files (Serialized files now loaded: 0)
System memory in use before: 209.8 MB.
System memory in use after: 208.1 MB.

Unloading 48 unused Assets to reduce memory usage. Loaded Objects now: 3408.
Total: 4.305500 ms (FindLiveObjects: 0.392100 ms CreateObjectMapping: 0.189700 ms MarkObjects: 2.555400 ms  DeleteObjects: 1.166700 ms)

AssetImportParameters requested are different than current active one (requested -> active):
  custom:framework-win-MediaFoundation: 216162199b28c13a410421893ffa2e32 -> 
  custom:video-decoder-ogg-theora: a1e56fd34408186e4bbccfd4996cb3dc -> 
  custom:container-muxer-webm: aa71ff27fc2769a1b78a27578f13a17b -> 
  custom:container-demuxer-webm: 4f35f7cbe854078d1ac9338744f61a02 -> 
  custom:container-demuxer-ogg: 62fdf1f143b41e24485cea50d1cbac27 -> 
  custom:video-encoder-webm-vp8: eb34c28f22e8b96e1ab97ce403110664 -> 
  custom:video-decoder-webm-vp8: 9c59270c3fd7afecdb556c50c9e8de78 -> 
  custom:audio-decoder-ogg-vorbis: bf7c407c2cedff20999df2af8eb42d56 -> 
  custom:audio-encoder-webm-vorbis: bf7c407c2cedff20999df2af8eb42d56 -> 
========================================================================
Received Import Request.
  Time since last request: 1030.932960 seconds.
  path: Assets/Scripts/Target/Mug.cs
  artifactKey: Guid(2e95ab6bd88b571448fb649eba415a88) Importer(815301076,1909f56bfc062723c751e8b465ee728b)
Start importing Assets/Scripts/Target/Mug.cs using Guid(2e95ab6bd88b571448fb649eba415a88) Importer(815301076,1909f56bfc062723c751e8b465ee728b)  -> (artifact id: 'c85f4a7865cd4952ed880ff7da8f434d') in 0.016025 seconds 
  Import took 0.027536 seconds .

========================================================================
Received Import Request.
  Time since last request: 0.002791 seconds.
  path: Assets/Scripts/Target/Mug.cs
  artifactKey: Guid(2e95ab6bd88b571448fb649eba415a88) Importer(815301076,1909f56bfc062723c751e8b465ee728b)
Start importing Assets/Scripts/Target/Mug.cs using Guid(2e95ab6bd88b571448fb649eba415a88) Importer(815301076,1909f56bfc062723c751e8b465ee728b)  -> (artifact id: 'c85f4a7865cd4952ed880ff7da8f434d') in 0.006080 seconds 
  Import took 0.018333 seconds .

========================================================================
Received Prepare
Registering precompiled user dll's ...
Registered in 0.009121 seconds.
Begin MonoManager ReloadAssembly
Native extension for WindowsStandalone target not found
Native extension for WebGL target not found
Refreshing native plugins compatible for Editor in 1.29 ms, found 2 plugins.
Preloading 0 native plugins for Editor in 0.00 ms.
Mono: successfully reloaded assembly
- Completed reload, in  1.954 seconds
Platform modules already initialized, skipping
Shader 'Universal Render Pipeline/Particles/Lit': fallback shader 'Universal Render Pipeline/Particles/SimpleLit' not found
Refreshing native plugins compatible for Editor in 0.71 ms, found 2 plugins.
Preloading 0 native plugins for Editor in 0.00 ms.
Unloading 2741 Unused Serialized files (Serialized files now loaded: 0)
System memory in use before: 209.8 MB.
System memory in use after: 208.1 MB.

Unloading 48 unused Assets to reduce memory usage. Loaded Objects now: 3411.
Total: 3.988200 ms (FindLiveObjects: 0.299600 ms CreateObjectMapping: 0.141400 ms MarkObjects: 2.411800 ms  DeleteObjects: 1.134200 ms)

AssetImportParameters requested are different than current active one (requested -> active):
  custom:framework-win-MediaFoundation: 216162199b28c13a410421893ffa2e32 -> 
  custom:video-decoder-ogg-theora: a1e56fd34408186e4bbccfd4996cb3dc -> 
  custom:container-muxer-webm: aa71ff27fc2769a1b78a27578f13a17b -> 
  custom:container-demuxer-webm: 4f35f7cbe854078d1ac9338744f61a02 -> 
  custom:container-demuxer-ogg: 62fdf1f143b41e24485cea50d1cbac27 -> 
  custom:video-encoder-webm-vp8: eb34c28f22e8b96e1ab97ce403110664 -> 
  custom:video-decoder-webm-vp8: 9c59270c3fd7afecdb556c50c9e8de78 -> 
  custom:audio-decoder-ogg-vorbis: bf7c407c2cedff20999df2af8eb42d56 -> 
  custom:audio-encoder-webm-vorbis: bf7c407c2cedff20999df2af8eb42d56 -> 
========================================================================
Received Prepare
Registering precompiled user dll's ...
Registered in 0.010735 seconds.
Begin MonoManager ReloadAssembly
Native extension for WindowsStandalone target not found
Native extension for WebGL target not found
Refreshing native plugins compatible for Editor in 0.74 ms, found 2 plugins.
Preloading 0 native plugins for Editor in 0.00 ms.
Mono: successfully reloaded assembly
- Completed reload, in  1.327 seconds
Platform modules already initialized, skipping
Shader 'Universal Render Pipeline/Particles/Lit': fallback shader 'Universal Render Pipeline/Particles/SimpleLit' not found
Refreshing native plugins compatible for Editor in 1.01 ms, found 2 plugins.
Preloading 0 native plugins for Editor in 0.00 ms.
Unloading 2741 Unused Serialized files (Serialized files now loaded: 0)
System memory in use before: 209.9 MB.
System memory in use after: 208.1 MB.

Unloading 48 unused Assets to reduce memory usage. Loaded Objects now: 3414.
Total: 60.054000 ms (FindLiveObjects: 3.043800 ms CreateObjectMapping: 8.214500 ms MarkObjects: 31.947500 ms  DeleteObjects: 16.838800 ms)

AssetImportParameters requested are different than current active one (requested -> active):
  custom:framework-win-MediaFoundation: 216162199b28c13a410421893ffa2e32 -> 
  custom:video-decoder-ogg-theora: a1e56fd34408186e4bbccfd4996cb3dc -> 
  custom:container-muxer-webm: aa71ff27fc2769a1b78a27578f13a17b -> 
  custom:container-demuxer-webm: 4f35f7cbe854078d1ac9338744f61a02 -> 
  custom:container-demuxer-ogg: 62fdf1f143b41e24485cea50d1cbac27 -> 
  custom:video-encoder-webm-vp8: eb34c28f22e8b96e1ab97ce403110664 -> 
  custom:video-decoder-webm-vp8: 9c59270c3fd7afecdb556c50c9e8de78 -> 
  custom:audio-decoder-ogg-vorbis: bf7c407c2cedff20999df2af8eb42d56 -> 
  custom:audio-encoder-webm-vorbis: bf7c407c2cedff20999df2af8eb42d56 -> 
========================================================================
Received Prepare
Registering precompiled user dll's ...
Registered in 0.033239 seconds.
Begin MonoManager ReloadAssembly
Native extension for WindowsStandalone target not found
Native extension for WebGL target not found
Refreshing native plugins compatible for Editor in 0.67 ms, found 2 plugins.
Preloading 0 native plugins for Editor in 0.00 ms.
Mono: successfully reloaded assembly
- Completed reload, in  1.289 seconds
Platform modules already initialized, skipping
Shader 'Universal Render Pipeline/Particles/Lit': fallback shader 'Universal Render Pipeline/Particles/SimpleLit' not found
Refreshing native plugins compatible for Editor in 0.71 ms, found 2 plugins.
Preloading 0 native plugins for Editor in 0.00 ms.
Unloading 2741 Unused Serialized files (Serialized files now loaded: 0)
System memory in use before: 209.9 MB.
System memory in use after: 208.1 MB.

Unloading 48 unused Assets to reduce memory usage. Loaded Objects now: 3417.
Total: 11.707600 ms (FindLiveObjects: 0.326700 ms CreateObjectMapping: 0.139300 ms MarkObjects: 9.842700 ms  DeleteObjects: 1.396900 ms)

AssetImportParameters requested are different than current active one (requested -> active):
  custom:framework-win-MediaFoundation: 216162199b28c13a410421893ffa2e32 -> 
  custom:video-decoder-ogg-theora: a1e56fd34408186e4bbccfd4996cb3dc -> 
  custom:container-muxer-webm: aa71ff27fc2769a1b78a27578f13a17b -> 
  custom:container-demuxer-webm: 4f35f7cbe854078d1ac9338744f61a02 -> 
  custom:container-demuxer-ogg: 62fdf1f143b41e24485cea50d1cbac27 -> 
  custom:video-encoder-webm-vp8: eb34c28f22e8b96e1ab97ce403110664 -> 
  custom:video-decoder-webm-vp8: 9c59270c3fd7afecdb556c50c9e8de78 -> 
  custom:audio-decoder-ogg-vorbis: bf7c407c2cedff20999df2af8eb42d56 -> 
  custom:audio-encoder-webm-vorbis: bf7c407c2cedff20999df2af8eb42d56 -> 
========================================================================
Received Import Request.
  Time since last request: 188.611694 seconds.
  path: Assets/Scripts/Weapon/Weapon.cs
  artifactKey: Guid(c7ff6f64afc07da449a494592d5f3304) Importer(815301076,1909f56bfc062723c751e8b465ee728b)
Start importing Assets/Scripts/Weapon/Weapon.cs using Guid(c7ff6f64afc07da449a494592d5f3304) Importer(815301076,1909f56bfc062723c751e8b465ee728b)  -> (artifact id: 'c4c7bbc5ba63aee72d576bd861de7a52') in 0.019370 seconds 
  Import took 0.026141 seconds .

========================================================================
Received Prepare
Registering precompiled user dll's ...
Registered in 0.008322 seconds.
Begin MonoManager ReloadAssembly
Native extension for WindowsStandalone target not found
Native extension for WebGL target not found
Refreshing native plugins compatible for Editor in 0.94 ms, found 2 plugins.
Preloading 0 native plugins for Editor in 0.00 ms.
Mono: successfully reloaded assembly
- Completed reload, in  2.064 seconds
Platform modules already initialized, skipping
Shader 'Universal Render Pipeline/Particles/Lit': fallback shader 'Universal Render Pipeline/Particles/SimpleLit' not found
Refreshing native plugins compatible for Editor in 0.78 ms, found 2 plugins.
Preloading 0 native plugins for Editor in 0.00 ms.
Unloading 2741 Unused Serialized files (Serialized files now loaded: 0)
System memory in use before: 209.8 MB.
System memory in use after: 208.1 MB.

Unloading 48 unused Assets to reduce memory usage. Loaded Objects now: 3420.
Total: 7.024200 ms (FindLiveObjects: 0.326500 ms CreateObjectMapping: 0.233500 ms MarkObjects: 4.034000 ms  DeleteObjects: 2.427000 ms)

AssetImportParameters requested are different than current active one (requested -> active):
  custom:framework-win-MediaFoundation: 216162199b28c13a410421893ffa2e32 -> 
  custom:video-decoder-ogg-theora: a1e56fd34408186e4bbccfd4996cb3dc -> 
  custom:container-muxer-webm: aa71ff27fc2769a1b78a27578f13a17b -> 
  custom:container-demuxer-webm: 4f35f7cbe854078d1ac9338744f61a02 -> 
  custom:container-demuxer-ogg: 62fdf1f143b41e24485cea50d1cbac27 -> 
  custom:video-encoder-webm-vp8: eb34c28f22e8b96e1ab97ce403110664 -> 
  custom:video-decoder-webm-vp8: 9c59270c3fd7afecdb556c50c9e8de78 -> 
  custom:audio-decoder-ogg-vorbis: bf7c407c2cedff20999df2af8eb42d56 -> 
  custom:audio-encoder-webm-vorbis: bf7c407c2cedff20999df2af8eb42d56 -> 
========================================================================
Received Prepare
Registering precompiled user dll's ...
Registered in 0.012452 seconds.
Begin MonoManager ReloadAssembly
Native extension for WindowsStandalone target not found
Native extension for WebGL target not found
Refreshing native plugins compatible for Editor in 1.03 ms, found 2 plugins.
Preloading 0 native plugins for Editor in 0.00 ms.
Mono: successfully reloaded assembly
- Completed reload, in  1.325 seconds
Platform modules already initialized, skipping
Shader 'Universal Render Pipeline/Particles/Lit': fallback shader 'Universal Render Pipeline/Particles/SimpleLit' not found
Refreshing native plugins compatible for Editor in 0.73 ms, found 2 plugins.
Preloading 0 native plugins for Editor in 0.00 ms.
Unloading 2741 Unused Serialized files (Serialized files now loaded: 0)
System memory in use before: 209.9 MB.
System memory in use after: 208.2 MB.

Unloading 48 unused Assets to reduce memory usage. Loaded Objects now: 3423.
Total: 5.312600 ms (FindLiveObjects: 0.516500 ms CreateObjectMapping: 0.296600 ms MarkObjects: 3.231200 ms  DeleteObjects: 1.266900 ms)

AssetImportParameters requested are different than current active one (requested -> active):
  custom:framework-win-MediaFoundation: 216162199b28c13a410421893ffa2e32 -> 
  custom:video-decoder-ogg-theora: a1e56fd34408186e4bbccfd4996cb3dc -> 
  custom:container-muxer-webm: aa71ff27fc2769a1b78a27578f13a17b -> 
  custom:container-demuxer-webm: 4f35f7cbe854078d1ac9338744f61a02 -> 
  custom:container-demuxer-ogg: 62fdf1f143b41e24485cea50d1cbac27 -> 
  custom:video-encoder-webm-vp8: eb34c28f22e8b96e1ab97ce403110664 -> 
  custom:video-decoder-webm-vp8: 9c59270c3fd7afecdb556c50c9e8de78 -> 
  custom:audio-decoder-ogg-vorbis: bf7c407c2cedff20999df2af8eb42d56 -> 
  custom:audio-encoder-webm-vorbis: bf7c407c2cedff20999df2af8eb42d56 -> 
========================================================================
Received Prepare
Registering precompiled user dll's ...
Registered in 0.008639 seconds.
Begin MonoManager ReloadAssembly
Native extension for WindowsStandalone target not found
Native extension for WebGL target not found
Refreshing native plugins compatible for Editor in 0.68 ms, found 2 plugins.
Preloading 0 native plugins for Editor in 0.00 ms.
Mono: successfully reloaded assembly
- Completed reload, in  1.380 seconds
Platform modules already initialized, skipping
Shader 'Universal Render Pipeline/Particles/Lit': fallback shader 'Universal Render Pipeline/Particles/SimpleLit' not found
Refreshing native plugins compatible for Editor in 0.75 ms, found 2 plugins.
Preloading 0 native plugins for Editor in 0.00 ms.
Unloading 2741 Unused Serialized files (Serialized files now loaded: 0)
System memory in use before: 209.9 MB.
System memory in use after: 208.2 MB.

Unloading 48 unused Assets to reduce memory usage. Loaded Objects now: 3426.
Total: 4.274200 ms (FindLiveObjects: 0.353000 ms CreateObjectMapping: 0.149300 ms MarkObjects: 2.615400 ms  DeleteObjects: 1.155500 ms)

AssetImportParameters requested are different than current active one (requested -> active):
  custom:framework-win-MediaFoundation: 216162199b28c13a410421893ffa2e32 -> 
  custom:video-decoder-ogg-theora: a1e56fd34408186e4bbccfd4996cb3dc -> 
  custom:container-muxer-webm: aa71ff27fc2769a1b78a27578f13a17b -> 
  custom:container-demuxer-webm: 4f35f7cbe854078d1ac9338744f61a02 -> 
  custom:container-demuxer-ogg: 62fdf1f143b41e24485cea50d1cbac27 -> 
  custom:video-encoder-webm-vp8: eb34c28f22e8b96e1ab97ce403110664 -> 
  custom:video-decoder-webm-vp8: 9c59270c3fd7afecdb556c50c9e8de78 -> 
  custom:audio-decoder-ogg-vorbis: bf7c407c2cedff20999df2af8eb42d56 -> 
  custom:audio-encoder-webm-vorbis: bf7c407c2cedff20999df2af8eb42d56 -> 
========================================================================
Received Prepare
Registering precompiled user dll's ...
Registered in 0.008107 seconds.
Begin MonoManager ReloadAssembly
Native extension for WindowsStandalone target not found
Native extension for WebGL target not found
Refreshing native plugins compatible for Editor in 0.73 ms, found 2 plugins.
Preloading 0 native plugins for Editor in 0.00 ms.
Mono: successfully reloaded assembly
- Completed reload, in  2.114 seconds
Platform modules already initialized, skipping
Shader 'Universal Render Pipeline/Particles/Lit': fallback shader 'Universal Render Pipeline/Particles/SimpleLit' not found
Refreshing native plugins compatible for Editor in 0.74 ms, found 2 plugins.
Preloading 0 native plugins for Editor in 0.00 ms.
Unloading 2741 Unused Serialized files (Serialized files now loaded: 0)
System memory in use before: 209.9 MB.
System memory in use after: 208.2 MB.

Unloading 48 unused Assets to reduce memory usage. Loaded Objects now: 3429.
Total: 4.284300 ms (FindLiveObjects: 0.392600 ms CreateObjectMapping: 0.172500 ms MarkObjects: 2.539700 ms  DeleteObjects: 1.178300 ms)

AssetImportParameters requested are different than current active one (requested -> active):
  custom:framework-win-MediaFoundation: 216162199b28c13a410421893ffa2e32 -> 
  custom:video-decoder-ogg-theora: a1e56fd34408186e4bbccfd4996cb3dc -> 
  custom:container-muxer-webm: aa71ff27fc2769a1b78a27578f13a17b -> 
  custom:container-demuxer-webm: 4f35f7cbe854078d1ac9338744f61a02 -> 
  custom:container-demuxer-ogg: 62fdf1f143b41e24485cea50d1cbac27 -> 
  custom:video-encoder-webm-vp8: eb34c28f22e8b96e1ab97ce403110664 -> 
  custom:video-decoder-webm-vp8: 9c59270c3fd7afecdb556c50c9e8de78 -> 
  custom:audio-decoder-ogg-vorbis: bf7c407c2cedff20999df2af8eb42d56 -> 
  custom:audio-encoder-webm-vorbis: bf7c407c2cedff20999df2af8eb42d56 -> 
========================================================================
Received Prepare
Registering precompiled user dll's ...
Registered in 0.017708 seconds.
Begin MonoManager ReloadAssembly
Native extension for WindowsStandalone target not found
Native extension for WebGL target not found
Refreshing native plugins compatible for Editor in 0.67 ms, found 2 plugins.
Preloading 0 native plugins for Editor in 0.00 ms.
Mono: successfully reloaded assembly
- Completed reload, in  1.474 seconds
Platform modules already initialized, skipping
Shader 'Universal Render Pipeline/Particles/Lit': fallback shader 'Universal Render Pipeline/Particles/SimpleLit' not found
Refreshing native plugins compatible for Editor in 1.31 ms, found 2 plugins.
Preloading 0 native plugins for Editor in 0.00 ms.
Unloading 2741 Unused Serialized files (Serialized files now loaded: 0)
System memory in use before: 209.9 MB.
System memory in use after: 208.2 MB.

Unloading 48 unused Assets to reduce memory usage. Loaded Objects now: 3432.
Total: 14.996200 ms (FindLiveObjects: 1.455900 ms CreateObjectMapping: 0.374600 ms MarkObjects: 10.579200 ms  DeleteObjects: 2.583300 ms)

AssetImportParameters requested are different than current active one (requested -> active):
  custom:framework-win-MediaFoundation: 216162199b28c13a410421893ffa2e32 -> 
  custom:video-decoder-ogg-theora: a1e56fd34408186e4bbccfd4996cb3dc -> 
  custom:container-muxer-webm: aa71ff27fc2769a1b78a27578f13a17b -> 
  custom:container-demuxer-webm: 4f35f7cbe854078d1ac9338744f61a02 -> 
  custom:container-demuxer-ogg: 62fdf1f143b41e24485cea50d1cbac27 -> 
  custom:video-encoder-webm-vp8: eb34c28f22e8b96e1ab97ce403110664 -> 
  custom:video-decoder-webm-vp8: 9c59270c3fd7afecdb556c50c9e8de78 -> 
  custom:audio-decoder-ogg-vorbis: bf7c407c2cedff20999df2af8eb42d56 -> 
  custom:audio-encoder-webm-vorbis: bf7c407c2cedff20999df2af8eb42d56 -> 
========================================================================
Received Prepare
Registering precompiled user dll's ...
Registered in 0.008905 seconds.
Begin MonoManager ReloadAssembly
Native extension for WindowsStandalone target not found
Native extension for WebGL target not found
Refreshing native plugins compatible for Editor in 0.68 ms, found 2 plugins.
Preloading 0 native plugins for Editor in 0.00 ms.
Mono: successfully reloaded assembly
- Completed reload, in  1.488 seconds
Platform modules already initialized, skipping
Shader 'Universal Render Pipeline/Particles/Lit': fallback shader 'Universal Render Pipeline/Particles/SimpleLit' not found
Refreshing native plugins compatible for Editor in 0.75 ms, found 2 plugins.
Preloading 0 native plugins for Editor in 0.00 ms.
Unloading 2741 Unused Serialized files (Serialized files now loaded: 0)
System memory in use before: 209.9 MB.
System memory in use after: 208.2 MB.

Unloading 48 unused Assets to reduce memory usage. Loaded Objects now: 3435.
Total: 4.596200 ms (FindLiveObjects: 0.302600 ms CreateObjectMapping: 0.152400 ms MarkObjects: 2.948800 ms  DeleteObjects: 1.191300 ms)

AssetImportParameters requested are different than current active one (requested -> active):
  custom:framework-win-MediaFoundation: 216162199b28c13a410421893ffa2e32 -> 
  custom:video-decoder-ogg-theora: a1e56fd34408186e4bbccfd4996cb3dc -> 
  custom:container-muxer-webm: aa71ff27fc2769a1b78a27578f13a17b -> 
  custom:container-demuxer-webm: 4f35f7cbe854078d1ac9338744f61a02 -> 
  custom:container-demuxer-ogg: 62fdf1f143b41e24485cea50d1cbac27 -> 
  custom:video-encoder-webm-vp8: eb34c28f22e8b96e1ab97ce403110664 -> 
  custom:video-decoder-webm-vp8: 9c59270c3fd7afecdb556c50c9e8de78 -> 
  custom:audio-decoder-ogg-vorbis: bf7c407c2cedff20999df2af8eb42d56 -> 
  custom:audio-encoder-webm-vorbis: bf7c407c2cedff20999df2af8eb42d56 -> 
========================================================================
Received Prepare
Registering precompiled user dll's ...
Registered in 0.008907 seconds.
Begin MonoManager ReloadAssembly
Native extension for WindowsStandalone target not found
Native extension for WebGL target not found
Refreshing native plugins compatible for Editor in 0.65 ms, found 2 plugins.
Preloading 0 native plugins for Editor in 0.00 ms.
Mono: successfully reloaded assembly
- Completed reload, in  1.619 seconds
Platform modules already initialized, skipping
Shader 'Universal Render Pipeline/Particles/Lit': fallback shader 'Universal Render Pipeline/Particles/SimpleLit' not found
Refreshing native plugins compatible for Editor in 0.85 ms, found 2 plugins.
Preloading 0 native plugins for Editor in 0.00 ms.
Unloading 2741 Unused Serialized files (Serialized files now loaded: 0)
System memory in use before: 209.9 MB.
System memory in use after: 208.2 MB.

Unloading 48 unused Assets to reduce memory usage. Loaded Objects now: 3438.
Total: 4.331400 ms (FindLiveObjects: 0.360100 ms CreateObjectMapping: 0.199000 ms MarkObjects: 2.591700 ms  DeleteObjects: 1.179300 ms)

AssetImportParameters requested are different than current active one (requested -> active):
  custom:framework-win-MediaFoundation: 216162199b28c13a410421893ffa2e32 -> 
  custom:video-decoder-ogg-theora: a1e56fd34408186e4bbccfd4996cb3dc -> 
  custom:container-muxer-webm: aa71ff27fc2769a1b78a27578f13a17b -> 
  custom:container-demuxer-webm: 4f35f7cbe854078d1ac9338744f61a02 -> 
  custom:container-demuxer-ogg: 62fdf1f143b41e24485cea50d1cbac27 -> 
  custom:video-encoder-webm-vp8: eb34c28f22e8b96e1ab97ce403110664 -> 
  custom:video-decoder-webm-vp8: 9c59270c3fd7afecdb556c50c9e8de78 -> 
  custom:audio-decoder-ogg-vorbis: bf7c407c2cedff20999df2af8eb42d56 -> 
  custom:audio-encoder-webm-vorbis: bf7c407c2cedff20999df2af8eb42d56 -> 
========================================================================
Received Prepare
Registering precompiled user dll's ...
Registered in 0.008694 seconds.
Begin MonoManager ReloadAssembly
Native extension for WindowsStandalone target not found
Native extension for WebGL target not found
Refreshing native plugins compatible for Editor in 0.65 ms, found 2 plugins.
Preloading 0 native plugins for Editor in 0.00 ms.
Mono: successfully reloaded assembly
- Completed reload, in  1.654 seconds
Platform modules already initialized, skipping
Shader 'Universal Render Pipeline/Particles/Lit': fallback shader 'Universal Render Pipeline/Particles/SimpleLit' not found
Refreshing native plugins compatible for Editor in 2.56 ms, found 2 plugins.
Preloading 0 native plugins for Editor in 0.00 ms.
Unloading 2741 Unused Serialized files (Serialized files now loaded: 0)
System memory in use before: 209.9 MB.
System memory in use after: 208.2 MB.

Unloading 48 unused Assets to reduce memory usage. Loaded Objects now: 3441.
Total: 5.645600 ms (FindLiveObjects: 0.584500 ms CreateObjectMapping: 0.225400 ms MarkObjects: 3.299700 ms  DeleteObjects: 1.534400 ms)

AssetImportParameters requested are different than current active one (requested -> active):
  custom:framework-win-MediaFoundation: 216162199b28c13a410421893ffa2e32 -> 
  custom:video-decoder-ogg-theora: a1e56fd34408186e4bbccfd4996cb3dc -> 
  custom:container-muxer-webm: aa71ff27fc2769a1b78a27578f13a17b -> 
  custom:container-demuxer-webm: 4f35f7cbe854078d1ac9338744f61a02 -> 
  custom:container-demuxer-ogg: 62fdf1f143b41e24485cea50d1cbac27 -> 
  custom:video-encoder-webm-vp8: eb34c28f22e8b96e1ab97ce403110664 -> 
  custom:video-decoder-webm-vp8: 9c59270c3fd7afecdb556c50c9e8de78 -> 
  custom:audio-decoder-ogg-vorbis: bf7c407c2cedff20999df2af8eb42d56 -> 
  custom:audio-encoder-webm-vorbis: bf7c407c2cedff20999df2af8eb42d56 -> 
========================================================================
Received Prepare
Registering precompiled user dll's ...
Registered in 0.012124 seconds.
Begin MonoManager ReloadAssembly
Native extension for WindowsStandalone target not found
Native extension for WebGL target not found
Refreshing native plugins compatible for Editor in 0.99 ms, found 2 plugins.
Preloading 0 native plugins for Editor in 0.00 ms.
Mono: successfully reloaded assembly
- Completed reload, in  1.425 seconds
Platform modules already initialized, skipping
Shader 'Universal Render Pipeline/Particles/Lit': fallback shader 'Universal Render Pipeline/Particles/SimpleLit' not found
Refreshing native plugins compatible for Editor in 1.14 ms, found 2 plugins.
Preloading 0 native plugins for Editor in 0.00 ms.
Unloading 2741 Unused Serialized files (Serialized files now loaded: 0)
System memory in use before: 209.9 MB.
System memory in use after: 208.2 MB.

Unloading 48 unused Assets to reduce memory usage. Loaded Objects now: 3444.
Total: 4.225700 ms (FindLiveObjects: 0.318000 ms CreateObjectMapping: 0.162100 ms MarkObjects: 2.483800 ms  DeleteObjects: 1.260100 ms)

AssetImportParameters requested are different than current active one (requested -> active):
  custom:framework-win-MediaFoundation: 216162199b28c13a410421893ffa2e32 -> 
  custom:video-decoder-ogg-theora: a1e56fd34408186e4bbccfd4996cb3dc -> 
  custom:container-muxer-webm: aa71ff27fc2769a1b78a27578f13a17b -> 
  custom:container-demuxer-webm: 4f35f7cbe854078d1ac9338744f61a02 -> 
  custom:container-demuxer-ogg: 62fdf1f143b41e24485cea50d1cbac27 -> 
  custom:video-encoder-webm-vp8: eb34c28f22e8b96e1ab97ce403110664 -> 
  custom:video-decoder-webm-vp8: 9c59270c3fd7afecdb556c50c9e8de78 -> 
  custom:audio-decoder-ogg-vorbis: bf7c407c2cedff20999df2af8eb42d56 -> 
  custom:audio-encoder-webm-vorbis: bf7c407c2cedff20999df2af8eb42d56 -> 
========================================================================
Received Import Request.
  Time since last request: 2564.325818 seconds.
  path: Assets/Scripts/Target/MetalBoard.cs
  artifactKey: Guid(e1bed59ef02d61040a66436bc19d242f) Importer(815301076,1909f56bfc062723c751e8b465ee728b)
Start importing Assets/Scripts/Target/MetalBoard.cs using Guid(e1bed59ef02d61040a66436bc19d242f) Importer(815301076,1909f56bfc062723c751e8b465ee728b)  -> (artifact id: '2a39afd0da7f30ab02248fe0bfd748e4') in 0.013689 seconds 
  Import took 0.021806 seconds .

========================================================================
Received Import Request.
  Time since last request: 0.000188 seconds.
  path: Assets/Scripts/Target/BreakableObject.cs
  artifactKey: Guid(2e95ab6bd88b571448fb649eba415a88) Importer(815301076,1909f56bfc062723c751e8b465ee728b)
Start importing Assets/Scripts/Target/BreakableObject.cs using Guid(2e95ab6bd88b571448fb649eba415a88) Importer(815301076,1909f56bfc062723c751e8b465ee728b)  -> (artifact id: '5aa47ff0c9a6723af0bd9a6e20e3b3c3') in 0.012084 seconds 
  Import took 0.018271 seconds .

========================================================================
Received Import Request.
  Time since last request: 0.555337 seconds.
  path: Assets/Scripts/Target/IDamageableObject.cs
  artifactKey: Guid(84aec0045b561ea4182110ae00891552) Importer(815301076,1909f56bfc062723c751e8b465ee728b)
Start importing Assets/Scripts/Target/IDamageableObject.cs using Guid(84aec0045b561ea4182110ae00891552) Importer(815301076,1909f56bfc062723c751e8b465ee728b)  -> (artifact id: 'afc7da97636a7d266ff6d5be1550d741') in 0.011064 seconds 
  Import took 0.019034 seconds .

========================================================================
Received Import Request.
  Time since last request: 0.001208 seconds.
  path: Assets/Scripts/Target/IDamageableObject.cs
  artifactKey: Guid(84aec0045b561ea4182110ae00891552) Importer(815301076,1909f56bfc062723c751e8b465ee728b)
Start importing Assets/Scripts/Target/IDamageableObject.cs using Guid(84aec0045b561ea4182110ae00891552) Importer(815301076,1909f56bfc062723c751e8b465ee728b)  -> (artifact id: 'afc7da97636a7d266ff6d5be1550d741') in 0.006071 seconds 
  Import took 0.017200 seconds .

========================================================================
Received Prepare
Registering precompiled user dll's ...
Registered in 0.007578 seconds.
Begin MonoManager ReloadAssembly
Native extension for WindowsStandalone target not found
Native extension for WebGL target not found
Refreshing native plugins compatible for Editor in 0.71 ms, found 2 plugins.
Preloading 0 native plugins for Editor in 0.00 ms.
Mono: successfully reloaded assembly
- Completed reload, in  2.477 seconds
Platform modules already initialized, skipping
Shader 'Universal Render Pipeline/Particles/Lit': fallback shader 'Universal Render Pipeline/Particles/SimpleLit' not found
Refreshing native plugins compatible for Editor in 0.69 ms, found 2 plugins.
Preloading 0 native plugins for Editor in 0.00 ms.
Unloading 2741 Unused Serialized files (Serialized files now loaded: 0)
System memory in use before: 209.9 MB.
System memory in use after: 208.2 MB.

Unloading 48 unused Assets to reduce memory usage. Loaded Objects now: 3447.
Total: 5.242600 ms (FindLiveObjects: 0.801900 ms CreateObjectMapping: 0.272800 ms MarkObjects: 2.883300 ms  DeleteObjects: 1.281900 ms)

AssetImportParameters requested are different than current active one (requested -> active):
  custom:framework-win-MediaFoundation: 216162199b28c13a410421893ffa2e32 -> 
  custom:video-decoder-ogg-theora: a1e56fd34408186e4bbccfd4996cb3dc -> 
  custom:container-muxer-webm: aa71ff27fc2769a1b78a27578f13a17b -> 
  custom:container-demuxer-webm: 4f35f7cbe854078d1ac9338744f61a02 -> 
  custom:container-demuxer-ogg: 62fdf1f143b41e24485cea50d1cbac27 -> 
  custom:video-encoder-webm-vp8: eb34c28f22e8b96e1ab97ce403110664 -> 
  custom:video-decoder-webm-vp8: 9c59270c3fd7afecdb556c50c9e8de78 -> 
  custom:audio-decoder-ogg-vorbis: bf7c407c2cedff20999df2af8eb42d56 -> 
  custom:audio-encoder-webm-vorbis: bf7c407c2cedff20999df2af8eb42d56 -> 
========================================================================
Received Prepare
Registering precompiled user dll's ...
Registered in 0.013067 seconds.
Begin MonoManager ReloadAssembly
Native extension for WindowsStandalone target not found
Native extension for WebGL target not found
Refreshing native plugins compatible for Editor in 0.71 ms, found 2 plugins.
Preloading 0 native plugins for Editor in 0.00 ms.
Mono: successfully reloaded assembly
- Completed reload, in  1.463 seconds
Platform modules already initialized, skipping
Shader 'Universal Render Pipeline/Particles/Lit': fallback shader 'Universal Render Pipeline/Particles/SimpleLit' not found
Refreshing native plugins compatible for Editor in 0.71 ms, found 2 plugins.
Preloading 0 native plugins for Editor in 0.00 ms.
Unloading 2741 Unused Serialized files (Serialized files now loaded: 0)
System memory in use before: 209.9 MB.
System memory in use after: 208.2 MB.

Unloading 48 unused Assets to reduce memory usage. Loaded Objects now: 3450.
Total: 5.337300 ms (FindLiveObjects: 1.116700 ms CreateObjectMapping: 0.196100 ms MarkObjects: 2.780700 ms  DeleteObjects: 1.238300 ms)

AssetImportParameters requested are different than current active one (requested -> active):
  custom:framework-win-MediaFoundation: 216162199b28c13a410421893ffa2e32 -> 
  custom:video-decoder-ogg-theora: a1e56fd34408186e4bbccfd4996cb3dc -> 
  custom:container-muxer-webm: aa71ff27fc2769a1b78a27578f13a17b -> 
  custom:container-demuxer-webm: 4f35f7cbe854078d1ac9338744f61a02 -> 
  custom:container-demuxer-ogg: 62fdf1f143b41e24485cea50d1cbac27 -> 
  custom:video-encoder-webm-vp8: eb34c28f22e8b96e1ab97ce403110664 -> 
  custom:video-decoder-webm-vp8: 9c59270c3fd7afecdb556c50c9e8de78 -> 
  custom:audio-decoder-ogg-vorbis: bf7c407c2cedff20999df2af8eb42d56 -> 
  custom:audio-encoder-webm-vorbis: bf7c407c2cedff20999df2af8eb42d56 -> 
========================================================================
Received Import Request.
  Time since last request: 92.444176 seconds.
  path: Assets/Resources/Prefabs/MugALL.prefab
  artifactKey: Guid(8edabe477a7aaed4daf1acddfb2c72ca) Importer(815301076,1909f56bfc062723c751e8b465ee728b)
Start importing Assets/Resources/Prefabs/MugALL.prefab using Guid(8edabe477a7aaed4daf1acddfb2c72ca) Importer(815301076,1909f56bfc062723c751e8b465ee728b)  -> (artifact id: '7af844ec04f80f1a5a7bd156f9c493f2') in 0.301481 seconds 
  Import took 0.309989 seconds .

========================================================================
Received Import Request.
  Time since last request: 2.138498 seconds.
  path: Assets/Resources/Prefabs/PlateALL.prefab
  artifactKey: Guid(0a776fe843004a44da36862dcee05761) Importer(815301076,1909f56bfc062723c751e8b465ee728b)
Start importing Assets/Resources/Prefabs/PlateALL.prefab using Guid(0a776fe843004a44da36862dcee05761) Importer(815301076,1909f56bfc062723c751e8b465ee728b)  -> (artifact id: '9d9fe51c18a19fa8c4a83bc13db8e8c4') in 0.032303 seconds 
  Import took 0.041924 seconds .

========================================================================
Received Import Request.
  Time since last request: 51.443090 seconds.
  path: Assets/Scripts/LevelDatas/Level_4.asset
  artifactKey: Guid(d02a541ac320c9a4f83653479205725b) Importer(815301076,1909f56bfc062723c751e8b465ee728b)
Start importing Assets/Scripts/LevelDatas/Level_4.asset using Guid(d02a541ac320c9a4f83653479205725b) Importer(815301076,1909f56bfc062723c751e8b465ee728b)  -> (artifact id: 'bcdccaa6d7d0066ef167a3d217876d80') in 0.020163 seconds 
  Import took 0.031305 seconds .

========================================================================
Received Import Request.
  Time since last request: 0.000359 seconds.
  path: Assets/Scripts/LevelDatas/Level_5.asset
  artifactKey: Guid(0d14b56e37477da4c962023f6425dd24) Importer(815301076,1909f56bfc062723c751e8b465ee728b)
Start importing Assets/Scripts/LevelDatas/Level_5.asset using Guid(0d14b56e37477da4c962023f6425dd24) Importer(815301076,1909f56bfc062723c751e8b465ee728b)  -> (artifact id: '2224307646905024d731305bbc8db2b2') in 0.020760 seconds 
  Import took 0.032863 seconds .

========================================================================
Received Prepare
Registering precompiled user dll's ...
Registered in 0.010908 seconds.
Begin MonoManager ReloadAssembly
Native extension for WindowsStandalone target not found
Native extension for WebGL target not found
Refreshing native plugins compatible for Editor in 2.04 ms, found 2 plugins.
Preloading 0 native plugins for Editor in 0.00 ms.
Mono: successfully reloaded assembly
- Completed reload, in  1.484 seconds
Platform modules already initialized, skipping
Shader 'Universal Render Pipeline/Particles/Lit': fallback shader 'Universal Render Pipeline/Particles/SimpleLit' not found
Refreshing native plugins compatible for Editor in 1.00 ms, found 2 plugins.
Preloading 0 native plugins for Editor in 0.00 ms.
Unloading 2741 Unused Serialized files (Serialized files now loaded: 0)
System memory in use before: 210.1 MB.
System memory in use after: 208.4 MB.

Unloading 48 unused Assets to reduce memory usage. Loaded Objects now: 3489.
Total: 4.745900 ms (FindLiveObjects: 0.446800 ms CreateObjectMapping: 0.175900 ms MarkObjects: 2.950300 ms  DeleteObjects: 1.171200 ms)

AssetImportParameters requested are different than current active one (requested -> active):
  custom:framework-win-MediaFoundation: 216162199b28c13a410421893ffa2e32 -> 
  custom:video-decoder-ogg-theora: a1e56fd34408186e4bbccfd4996cb3dc -> 
  custom:container-muxer-webm: aa71ff27fc2769a1b78a27578f13a17b -> 
  custom:container-demuxer-webm: 4f35f7cbe854078d1ac9338744f61a02 -> 
  custom:container-demuxer-ogg: 62fdf1f143b41e24485cea50d1cbac27 -> 
  custom:video-encoder-webm-vp8: eb34c28f22e8b96e1ab97ce403110664 -> 
  custom:video-decoder-webm-vp8: 9c59270c3fd7afecdb556c50c9e8de78 -> 
  custom:audio-decoder-ogg-vorbis: bf7c407c2cedff20999df2af8eb42d56 -> 
  custom:audio-encoder-webm-vorbis: bf7c407c2cedff20999df2af8eb42d56 -> 
========================================================================
Received Import Request.
  Time since last request: 276.363345 seconds.
  path: Assets/Resources/Models/MugBroken/parca_1_model.fbx
  artifactKey: Guid(026cbdba908dc4e478434aedcb902e8b) Importer(815301076,1909f56bfc062723c751e8b465ee728b)
Start importing Assets/Resources/Models/MugBroken/parca_1_model.fbx using Guid(026cbdba908dc4e478434aedcb902e8b) Importer(815301076,1909f56bfc062723c751e8b465ee728b)  -> (artifact id: 'f8a7256208e57ee744b92476db06e83e') in 0.639984 seconds 
  Import took 0.654484 seconds .

========================================================================
Received Import Request.
  Time since last request: 0.000634 seconds.
  path: Assets/Resources/Models/MugBroken/parca_4_model.fbx
  artifactKey: Guid(a8f6aef97930d844bbd90677b1ea3622) Importer(815301076,1909f56bfc062723c751e8b465ee728b)
Start importing Assets/Resources/Models/MugBroken/parca_4_model.fbx using Guid(a8f6aef97930d844bbd90677b1ea3622) Importer(815301076,1909f56bfc062723c751e8b465ee728b)  -> (artifact id: '5b945caee166c4506059a53484943bb2') in 0.035565 seconds 
  Import took 0.044876 seconds .

========================================================================
Received Import Request.
  Time since last request: 0.000228 seconds.
  path: Assets/Resources/Models/MugBroken/parca_5_model.fbx
  artifactKey: Guid(7688ffbd724c47944bee96675cfa79c0) Importer(815301076,1909f56bfc062723c751e8b465ee728b)
Start importing Assets/Resources/Models/MugBroken/parca_5_model.fbx using Guid(7688ffbd724c47944bee96675cfa79c0) Importer(815301076,1909f56bfc062723c751e8b465ee728b)  -> (artifact id: '23a2f44bb8db1de0c7a0b009c41923fc') in 0.037519 seconds 
  Import took 0.044784 seconds .

========================================================================
Received Import Request.
  Time since last request: 0.000376 seconds.
  path: Assets/Resources/Models/MugBroken/parca_2_model.fbx
  artifactKey: Guid(ccb8f653fc16f1846863fbfcc3a953b8) Importer(815301076,1909f56bfc062723c751e8b465ee728b)
Start importing Assets/Resources/Models/MugBroken/parca_2_model.fbx using Guid(ccb8f653fc16f1846863fbfcc3a953b8) Importer(815301076,1909f56bfc062723c751e8b465ee728b)  -> (artifact id: '8637582a07f5f2e3152b83a568a7adf4') in 0.044787 seconds 
  Import took 0.057527 seconds .

========================================================================
Received Import Request.
  Time since last request: 0.000304 seconds.
  path: Assets/Resources/Models/MugBroken/parca_6_model.fbx
  artifactKey: Guid(19222ce8b98783e4890a5ea33aab2207) Importer(815301076,1909f56bfc062723c751e8b465ee728b)
Start importing Assets/Resources/Models/MugBroken/parca_6_model.fbx using Guid(19222ce8b98783e4890a5ea33aab2207) Importer(815301076,1909f56bfc062723c751e8b465ee728b)  -> (artifact id: '0df31a9f5acea0a52ec109cb503c50f8') in 0.040634 seconds 
  Import took 0.050922 seconds .

========================================================================
Received Import Request.
  Time since last request: 0.000359 seconds.
  path: Assets/Resources/Models/MugBroken/tabak_parca_1_model.fbx
  artifactKey: Guid(865a45ca91c717c42baa7dde29029bcf) Importer(815301076,1909f56bfc062723c751e8b465ee728b)
Start importing Assets/Resources/Models/MugBroken/tabak_parca_1_model.fbx using Guid(865a45ca91c717c42baa7dde29029bcf) Importer(815301076,1909f56bfc062723c751e8b465ee728b)  -> (artifact id: '2ab94eb655b66d871829ef77c51ffa3f') in 0.040800 seconds 
  Import took 0.051605 seconds .

========================================================================
Received Import Request.
  Time since last request: 0.000185 seconds.
  path: Assets/Resources/Models/MugBroken/parca_7_model.fbx
  artifactKey: Guid(a42844439902917498983872a667f22d) Importer(815301076,1909f56bfc062723c751e8b465ee728b)
Start importing Assets/Resources/Models/MugBroken/parca_7_model.fbx using Guid(a42844439902917498983872a667f22d) Importer(815301076,1909f56bfc062723c751e8b465ee728b)  -> (artifact id: '7147667067912572ca70a18fdbf5c74e') in 0.034212 seconds 
  Import took 0.043571 seconds .

========================================================================
Received Import Request.
  Time since last request: 0.000380 seconds.
  path: Assets/Resources/Models/MugBroken/parca_3_model.fbx
  artifactKey: Guid(4c3e20115621b6344a8144fb0877991c) Importer(815301076,1909f56bfc062723c751e8b465ee728b)
Start importing Assets/Resources/Models/MugBroken/parca_3_model.fbx using Guid(4c3e20115621b6344a8144fb0877991c) Importer(815301076,1909f56bfc062723c751e8b465ee728b)  -> (artifact id: 'fe6cb1de27088553484ef77dddb3f455') in 0.037153 seconds 
  Import took 0.047242 seconds .

========================================================================
Received Prepare
Registering precompiled user dll's ...
Registered in 0.010246 seconds.
Begin MonoManager ReloadAssembly
Native extension for WindowsStandalone target not found
Native extension for WebGL target not found
Refreshing native plugins compatible for Editor in 0.71 ms, found 2 plugins.
Preloading 0 native plugins for Editor in 0.00 ms.
Mono: successfully reloaded assembly
- Completed reload, in  1.508 seconds
Platform modules already initialized, skipping
Shader 'Universal Render Pipeline/Particles/Lit': fallback shader 'Universal Render Pipeline/Particles/SimpleLit' not found
Refreshing native plugins compatible for Editor in 1.72 ms, found 2 plugins.
Preloading 0 native plugins for Editor in 0.00 ms.
Unloading 2741 Unused Serialized files (Serialized files now loaded: 0)
System memory in use before: 210.2 MB.
System memory in use after: 208.5 MB.

Unloading 48 unused Assets to reduce memory usage. Loaded Objects now: 3528.
Total: 18.788800 ms (FindLiveObjects: 4.232200 ms CreateObjectMapping: 0.363900 ms MarkObjects: 9.584800 ms  DeleteObjects: 4.605500 ms)

AssetImportParameters requested are different than current active one (requested -> active):
  custom:framework-win-MediaFoundation: 216162199b28c13a410421893ffa2e32 -> 
  custom:video-decoder-ogg-theora: a1e56fd34408186e4bbccfd4996cb3dc -> 
  custom:container-muxer-webm: aa71ff27fc2769a1b78a27578f13a17b -> 
  custom:container-demuxer-webm: 4f35f7cbe854078d1ac9338744f61a02 -> 
  custom:container-demuxer-ogg: 62fdf1f143b41e24485cea50d1cbac27 -> 
  custom:video-encoder-webm-vp8: eb34c28f22e8b96e1ab97ce403110664 -> 
  custom:video-decoder-webm-vp8: 9c59270c3fd7afecdb556c50c9e8de78 -> 
  custom:audio-decoder-ogg-vorbis: bf7c407c2cedff20999df2af8eb42d56 -> 
  custom:audio-encoder-webm-vorbis: bf7c407c2cedff20999df2af8eb42d56 -> 
========================================================================
Received Prepare
Registering precompiled user dll's ...
Registered in 0.009513 seconds.
Begin MonoManager ReloadAssembly
Native extension for WindowsStandalone target not found
Native extension for WebGL target not found
Refreshing native plugins compatible for Editor in 0.86 ms, found 2 plugins.
Preloading 0 native plugins for Editor in 0.00 ms.
Mono: successfully reloaded assembly
- Completed reload, in  1.462 seconds
Platform modules already initialized, skipping
Shader 'Universal Render Pipeline/Particles/Lit': fallback shader 'Universal Render Pipeline/Particles/SimpleLit' not found
Refreshing native plugins compatible for Editor in 0.81 ms, found 2 plugins.
Preloading 0 native plugins for Editor in 0.00 ms.
Unloading 2741 Unused Serialized files (Serialized files now loaded: 0)
System memory in use before: 210.2 MB.
System memory in use after: 208.5 MB.

Unloading 48 unused Assets to reduce memory usage. Loaded Objects now: 3531.
Total: 6.194500 ms (FindLiveObjects: 0.508900 ms CreateObjectMapping: 0.216900 ms MarkObjects: 3.234800 ms  DeleteObjects: 2.232200 ms)

AssetImportParameters requested are different than current active one (requested -> active):
  custom:framework-win-MediaFoundation: 216162199b28c13a410421893ffa2e32 -> 
  custom:video-decoder-ogg-theora: a1e56fd34408186e4bbccfd4996cb3dc -> 
  custom:container-muxer-webm: aa71ff27fc2769a1b78a27578f13a17b -> 
  custom:container-demuxer-webm: 4f35f7cbe854078d1ac9338744f61a02 -> 
  custom:container-demuxer-ogg: 62fdf1f143b41e24485cea50d1cbac27 -> 
  custom:video-encoder-webm-vp8: eb34c28f22e8b96e1ab97ce403110664 -> 
  custom:video-decoder-webm-vp8: 9c59270c3fd7afecdb556c50c9e8de78 -> 
  custom:audio-decoder-ogg-vorbis: bf7c407c2cedff20999df2af8eb42d56 -> 
  custom:audio-encoder-webm-vorbis: bf7c407c2cedff20999df2af8eb42d56 -> 
========================================================================
Received Prepare
Registering precompiled user dll's ...
Registered in 0.009001 seconds.
Begin MonoManager ReloadAssembly
Native extension for WindowsStandalone target not found
Native extension for WebGL target not found
Refreshing native plugins compatible for Editor in 0.74 ms, found 2 plugins.
Preloading 0 native plugins for Editor in 0.00 ms.
Mono: successfully reloaded assembly
- Completed reload, in  1.508 seconds
Platform modules already initialized, skipping
Shader 'Universal Render Pipeline/Particles/Lit': fallback shader 'Universal Render Pipeline/Particles/SimpleLit' not found
Refreshing native plugins compatible for Editor in 0.68 ms, found 2 plugins.
Preloading 0 native plugins for Editor in 0.00 ms.
Unloading 2741 Unused Serialized files (Serialized files now loaded: 0)
System memory in use before: 210.2 MB.
System memory in use after: 208.5 MB.

Unloading 48 unused Assets to reduce memory usage. Loaded Objects now: 3534.
Total: 5.848700 ms (FindLiveObjects: 0.580700 ms CreateObjectMapping: 0.154100 ms MarkObjects: 3.925700 ms  DeleteObjects: 1.186900 ms)

AssetImportParameters requested are different than current active one (requested -> active):
  custom:framework-win-MediaFoundation: 216162199b28c13a410421893ffa2e32 -> 
  custom:video-decoder-ogg-theora: a1e56fd34408186e4bbccfd4996cb3dc -> 
  custom:container-muxer-webm: aa71ff27fc2769a1b78a27578f13a17b -> 
  custom:container-demuxer-webm: 4f35f7cbe854078d1ac9338744f61a02 -> 
  custom:container-demuxer-ogg: 62fdf1f143b41e24485cea50d1cbac27 -> 
  custom:video-encoder-webm-vp8: eb34c28f22e8b96e1ab97ce403110664 -> 
  custom:video-decoder-webm-vp8: 9c59270c3fd7afecdb556c50c9e8de78 -> 
  custom:audio-decoder-ogg-vorbis: bf7c407c2cedff20999df2af8eb42d56 -> 
  custom:audio-encoder-webm-vorbis: bf7c407c2cedff20999df2af8eb42d56 -> 
========================================================================
Received Prepare
Registering precompiled user dll's ...
Registered in 0.010363 seconds.
Begin MonoManager ReloadAssembly
Native extension for WindowsStandalone target not found
Native extension for WebGL target not found
Refreshing native plugins compatible for Editor in 0.79 ms, found 2 plugins.
Preloading 0 native plugins for Editor in 0.00 ms.
Mono: successfully reloaded assembly
- Completed reload, in  1.682 seconds
Platform modules already initialized, skipping
Shader 'Universal Render Pipeline/Particles/Lit': fallback shader 'Universal Render Pipeline/Particles/SimpleLit' not found
Refreshing native plugins compatible for Editor in 0.69 ms, found 2 plugins.
Preloading 0 native plugins for Editor in 0.00 ms.
Unloading 2741 Unused Serialized files (Serialized files now loaded: 0)
System memory in use before: 210.2 MB.
System memory in use after: 208.5 MB.

Unloading 48 unused Assets to reduce memory usage. Loaded Objects now: 3537.
Total: 4.170900 ms (FindLiveObjects: 0.342600 ms CreateObjectMapping: 0.175400 ms MarkObjects: 2.439600 ms  DeleteObjects: 1.212100 ms)

AssetImportParameters requested are different than current active one (requested -> active):
  custom:framework-win-MediaFoundation: 216162199b28c13a410421893ffa2e32 -> 
  custom:video-decoder-ogg-theora: a1e56fd34408186e4bbccfd4996cb3dc -> 
  custom:container-muxer-webm: aa71ff27fc2769a1b78a27578f13a17b -> 
  custom:container-demuxer-webm: 4f35f7cbe854078d1ac9338744f61a02 -> 
  custom:container-demuxer-ogg: 62fdf1f143b41e24485cea50d1cbac27 -> 
  custom:video-encoder-webm-vp8: eb34c28f22e8b96e1ab97ce403110664 -> 
  custom:video-decoder-webm-vp8: 9c59270c3fd7afecdb556c50c9e8de78 -> 
  custom:audio-decoder-ogg-vorbis: bf7c407c2cedff20999df2af8eb42d56 -> 
  custom:audio-encoder-webm-vorbis: bf7c407c2cedff20999df2af8eb42d56 -> 
========================================================================
Received Prepare
Registering precompiled user dll's ...
Registered in 0.012269 seconds.
Begin MonoManager ReloadAssembly
Native extension for WindowsStandalone target not found
Native extension for WebGL target not found
Refreshing native plugins compatible for Editor in 0.88 ms, found 2 plugins.
Preloading 0 native plugins for Editor in 0.00 ms.
Mono: successfully reloaded assembly
- Completed reload, in  1.568 seconds
Platform modules already initialized, skipping
Shader 'Universal Render Pipeline/Particles/Lit': fallback shader 'Universal Render Pipeline/Particles/SimpleLit' not found
Refreshing native plugins compatible for Editor in 0.68 ms, found 2 plugins.
Preloading 0 native plugins for Editor in 0.00 ms.
Unloading 2741 Unused Serialized files (Serialized files now loaded: 0)
System memory in use before: 210.2 MB.
System memory in use after: 208.5 MB.

Unloading 48 unused Assets to reduce memory usage. Loaded Objects now: 3540.
Total: 4.398000 ms (FindLiveObjects: 0.447500 ms CreateObjectMapping: 0.167700 ms MarkObjects: 2.563700 ms  DeleteObjects: 1.217300 ms)

AssetImportParameters requested are different than current active one (requested -> active):
  custom:framework-win-MediaFoundation: 216162199b28c13a410421893ffa2e32 -> 
  custom:video-decoder-ogg-theora: a1e56fd34408186e4bbccfd4996cb3dc -> 
  custom:container-muxer-webm: aa71ff27fc2769a1b78a27578f13a17b -> 
  custom:container-demuxer-webm: 4f35f7cbe854078d1ac9338744f61a02 -> 
  custom:container-demuxer-ogg: 62fdf1f143b41e24485cea50d1cbac27 -> 
  custom:video-encoder-webm-vp8: eb34c28f22e8b96e1ab97ce403110664 -> 
  custom:video-decoder-webm-vp8: 9c59270c3fd7afecdb556c50c9e8de78 -> 
  custom:audio-decoder-ogg-vorbis: bf7c407c2cedff20999df2af8eb42d56 -> 
  custom:audio-encoder-webm-vorbis: bf7c407c2cedff20999df2af8eb42d56 -> 
========================================================================
Received Prepare
Registering precompiled user dll's ...
Registered in 0.008597 seconds.
Begin MonoManager ReloadAssembly
Native extension for WindowsStandalone target not found
Native extension for WebGL target not found
Refreshing native plugins compatible for Editor in 1.23 ms, found 2 plugins.
Preloading 0 native plugins for Editor in 0.00 ms.
Mono: successfully reloaded assembly
- Completed reload, in  1.439 seconds
Platform modules already initialized, skipping
Shader 'Universal Render Pipeline/Particles/Lit': fallback shader 'Universal Render Pipeline/Particles/SimpleLit' not found
Refreshing native plugins compatible for Editor in 0.71 ms, found 2 plugins.
Preloading 0 native plugins for Editor in 0.00 ms.
Unloading 2741 Unused Serialized files (Serialized files now loaded: 0)
System memory in use before: 210.2 MB.
System memory in use after: 208.5 MB.

Unloading 48 unused Assets to reduce memory usage. Loaded Objects now: 3543.
Total: 5.078000 ms (FindLiveObjects: 0.352700 ms CreateObjectMapping: 0.284700 ms MarkObjects: 2.669900 ms  DeleteObjects: 1.769100 ms)

AssetImportParameters requested are different than current active one (requested -> active):
  custom:framework-win-MediaFoundation: 216162199b28c13a410421893ffa2e32 -> 
  custom:video-decoder-ogg-theora: a1e56fd34408186e4bbccfd4996cb3dc -> 
  custom:container-muxer-webm: aa71ff27fc2769a1b78a27578f13a17b -> 
  custom:container-demuxer-webm: 4f35f7cbe854078d1ac9338744f61a02 -> 
  custom:container-demuxer-ogg: 62fdf1f143b41e24485cea50d1cbac27 -> 
  custom:video-encoder-webm-vp8: eb34c28f22e8b96e1ab97ce403110664 -> 
  custom:video-decoder-webm-vp8: 9c59270c3fd7afecdb556c50c9e8de78 -> 
  custom:audio-decoder-ogg-vorbis: bf7c407c2cedff20999df2af8eb42d56 -> 
  custom:audio-encoder-webm-vorbis: bf7c407c2cedff20999df2af8eb42d56 -> 
========================================================================
Received Prepare
Registering precompiled user dll's ...
Registered in 0.007925 seconds.
Begin MonoManager ReloadAssembly
Native extension for WindowsStandalone target not found
Native extension for WebGL target not found
Refreshing native plugins compatible for Editor in 0.86 ms, found 2 plugins.
Preloading 0 native plugins for Editor in 0.00 ms.
Mono: successfully reloaded assembly
- Completed reload, in  1.542 seconds
Platform modules already initialized, skipping
Shader 'Universal Render Pipeline/Particles/Lit': fallback shader 'Universal Render Pipeline/Particles/SimpleLit' not found
Refreshing native plugins compatible for Editor in 1.19 ms, found 2 plugins.
Preloading 0 native plugins for Editor in 0.00 ms.
Unloading 2741 Unused Serialized files (Serialized files now loaded: 0)
System memory in use before: 210.2 MB.
System memory in use after: 208.5 MB.

Unloading 48 unused Assets to reduce memory usage. Loaded Objects now: 3546.
Total: 34.421300 ms (FindLiveObjects: 2.560400 ms CreateObjectMapping: 6.187700 ms MarkObjects: 18.304200 ms  DeleteObjects: 7.367300 ms)

AssetImportParameters requested are different than current active one (requested -> active):
  custom:framework-win-MediaFoundation: 216162199b28c13a410421893ffa2e32 -> 
  custom:video-decoder-ogg-theora: a1e56fd34408186e4bbccfd4996cb3dc -> 
  custom:container-muxer-webm: aa71ff27fc2769a1b78a27578f13a17b -> 
  custom:container-demuxer-webm: 4f35f7cbe854078d1ac9338744f61a02 -> 
  custom:container-demuxer-ogg: 62fdf1f143b41e24485cea50d1cbac27 -> 
  custom:video-encoder-webm-vp8: eb34c28f22e8b96e1ab97ce403110664 -> 
  custom:video-decoder-webm-vp8: 9c59270c3fd7afecdb556c50c9e8de78 -> 
  custom:audio-decoder-ogg-vorbis: bf7c407c2cedff20999df2af8eb42d56 -> 
  custom:audio-encoder-webm-vorbis: bf7c407c2cedff20999df2af8eb42d56 -> 
========================================================================
Received Prepare
Registering precompiled user dll's ...
Registered in 0.009436 seconds.
Begin MonoManager ReloadAssembly
Native extension for WindowsStandalone target not found
Native extension for WebGL target not found
Refreshing native plugins compatible for Editor in 0.77 ms, found 2 plugins.
Preloading 0 native plugins for Editor in 0.00 ms.
Mono: successfully reloaded assembly
- Completed reload, in  1.623 seconds
Platform modules already initialized, skipping
Shader 'Universal Render Pipeline/Particles/Lit': fallback shader 'Universal Render Pipeline/Particles/SimpleLit' not found
Refreshing native plugins compatible for Editor in 0.76 ms, found 2 plugins.
Preloading 0 native plugins for Editor in 0.00 ms.
Unloading 2741 Unused Serialized files (Serialized files now loaded: 0)
System memory in use before: 210.3 MB.
System memory in use after: 208.5 MB.

Unloading 48 unused Assets to reduce memory usage. Loaded Objects now: 3549.
Total: 4.311200 ms (FindLiveObjects: 0.368000 ms CreateObjectMapping: 0.168300 ms MarkObjects: 2.594300 ms  DeleteObjects: 1.179600 ms)

AssetImportParameters requested are different than current active one (requested -> active):
  custom:framework-win-MediaFoundation: 216162199b28c13a410421893ffa2e32 -> 
  custom:video-decoder-ogg-theora: a1e56fd34408186e4bbccfd4996cb3dc -> 
  custom:container-muxer-webm: aa71ff27fc2769a1b78a27578f13a17b -> 
  custom:container-demuxer-webm: 4f35f7cbe854078d1ac9338744f61a02 -> 
  custom:container-demuxer-ogg: 62fdf1f143b41e24485cea50d1cbac27 -> 
  custom:video-encoder-webm-vp8: eb34c28f22e8b96e1ab97ce403110664 -> 
  custom:video-decoder-webm-vp8: 9c59270c3fd7afecdb556c50c9e8de78 -> 
  custom:audio-decoder-ogg-vorbis: bf7c407c2cedff20999df2af8eb42d56 -> 
  custom:audio-encoder-webm-vorbis: bf7c407c2cedff20999df2af8eb42d56 -> 
========================================================================
Received Import Request.
  Time since last request: 721.867401 seconds.
  path: Assets/Resources/Models/MugBroken
  artifactKey: Guid(0ff5f1e74eaf27f4cb849d6eea45875a) Importer(815301076,1909f56bfc062723c751e8b465ee728b)
Start importing Assets/Resources/Models/MugBroken using Guid(0ff5f1e74eaf27f4cb849d6eea45875a) Importer(815301076,1909f56bfc062723c751e8b465ee728b)  -> (artifact id: 'd4c2f7c3ccfe30669ce1d184fc4414c6') in 0.018085 seconds 
  Import took 0.026429 seconds .

========================================================================
Received Import Request.
  Time since last request: 3.506060 seconds.
  path: Assets/Resources/Models/M4A1
  artifactKey: Guid(de822182507feb14da5f3eb1d6fad09a) Importer(815301076,1909f56bfc062723c751e8b465ee728b)
Start importing Assets/Resources/Models/M4A1 using Guid(de822182507feb14da5f3eb1d6fad09a) Importer(815301076,1909f56bfc062723c751e8b465ee728b)  -> (artifact id: '53c228a78e45945215faf6f2e8395943') in 0.017168 seconds 
  Import took 0.034972 seconds .

========================================================================
Received Import Request.
  Time since last request: 23.551952 seconds.
  path: Assets/Resources/Prefabs/Barrel.prefab
  artifactKey: Guid(d18f6b135b7359348b26dc5ab83ebb14) Importer(815301076,1909f56bfc062723c751e8b465ee728b)
Start importing Assets/Resources/Prefabs/Barrel.prefab using Guid(d18f6b135b7359348b26dc5ab83ebb14) Importer(815301076,1909f56bfc062723c751e8b465ee728b)  -> (artifact id: '55bb007a7fbbe2654769f60a35ad16a2') in 0.387871 seconds 
  Import took 0.396507 seconds .

========================================================================
Received Prepare
Registering precompiled user dll's ...
Registered in 0.008731 seconds.
Begin MonoManager ReloadAssembly
Native extension for WindowsStandalone target not found
Native extension for WebGL target not found
Refreshing native plugins compatible for Editor in 0.69 ms, found 2 plugins.
Preloading 0 native plugins for Editor in 0.00 ms.
Mono: successfully reloaded assembly
- Completed reload, in  1.478 seconds
Platform modules already initialized, skipping
Shader 'Universal Render Pipeline/Particles/Lit': fallback shader 'Universal Render Pipeline/Particles/SimpleLit' not found
Refreshing native plugins compatible for Editor in 0.91 ms, found 2 plugins.
Preloading 0 native plugins for Editor in 0.00 ms.
Unloading 2741 Unused Serialized files (Serialized files now loaded: 0)
System memory in use before: 210.4 MB.
System memory in use after: 208.7 MB.

Unloading 50 unused Assets to reduce memory usage. Loaded Objects now: 3588.
Total: 4.965200 ms (FindLiveObjects: 0.313700 ms CreateObjectMapping: 0.131100 ms MarkObjects: 3.209500 ms  DeleteObjects: 1.306600 ms)

AssetImportParameters requested are different than current active one (requested -> active):
  custom:framework-win-MediaFoundation: 216162199b28c13a410421893ffa2e32 -> 
  custom:video-decoder-ogg-theora: a1e56fd34408186e4bbccfd4996cb3dc -> 
  custom:container-muxer-webm: aa71ff27fc2769a1b78a27578f13a17b -> 
  custom:container-demuxer-webm: 4f35f7cbe854078d1ac9338744f61a02 -> 
  custom:container-demuxer-ogg: 62fdf1f143b41e24485cea50d1cbac27 -> 
  custom:video-encoder-webm-vp8: eb34c28f22e8b96e1ab97ce403110664 -> 
  custom:video-decoder-webm-vp8: 9c59270c3fd7afecdb556c50c9e8de78 -> 
  custom:audio-decoder-ogg-vorbis: bf7c407c2cedff20999df2af8eb42d56 -> 
  custom:audio-encoder-webm-vorbis: bf7c407c2cedff20999df2af8eb42d56 -> 
========================================================================
Received Import Request.
  Time since last request: 64.398713 seconds.
  path: Assets/Resources/Prefabs/Barrel.prefab
  artifactKey: Guid(d18f6b135b7359348b26dc5ab83ebb14) Importer(815301076,1909f56bfc062723c751e8b465ee728b)
Start importing Assets/Resources/Prefabs/Barrel.prefab using Guid(d18f6b135b7359348b26dc5ab83ebb14) Importer(815301076,1909f56bfc062723c751e8b465ee728b)  -> (artifact id: 'd5d802d39cab76300ce1954d399dfd1f') in 0.250057 seconds 
  Import took 0.260925 seconds .

========================================================================
Received Prepare
Registering precompiled user dll's ...
Registered in 0.010298 seconds.
Begin MonoManager ReloadAssembly
Native extension for WindowsStandalone target not found
Native extension for WebGL target not found
Refreshing native plugins compatible for Editor in 1.12 ms, found 2 plugins.
Preloading 0 native plugins for Editor in 0.00 ms.
Mono: successfully reloaded assembly
- Completed reload, in  1.303 seconds
Platform modules already initialized, skipping
Shader 'Universal Render Pipeline/Particles/Lit': fallback shader 'Universal Render Pipeline/Particles/SimpleLit' not found
Refreshing native plugins compatible for Editor in 0.76 ms, found 2 plugins.
Preloading 0 native plugins for Editor in 0.00 ms.
Unloading 2741 Unused Serialized files (Serialized files now loaded: 0)
System memory in use before: 210.5 MB.
System memory in use after: 208.8 MB.

Unloading 48 unused Assets to reduce memory usage. Loaded Objects now: 3627.
Total: 5.066500 ms (FindLiveObjects: 0.396800 ms CreateObjectMapping: 0.155300 ms MarkObjects: 3.312500 ms  DeleteObjects: 1.200500 ms)

AssetImportParameters requested are different than current active one (requested -> active):
  custom:framework-win-MediaFoundation: 216162199b28c13a410421893ffa2e32 -> 
  custom:video-decoder-ogg-theora: a1e56fd34408186e4bbccfd4996cb3dc -> 
  custom:container-muxer-webm: aa71ff27fc2769a1b78a27578f13a17b -> 
  custom:container-demuxer-webm: 4f35f7cbe854078d1ac9338744f61a02 -> 
  custom:container-demuxer-ogg: 62fdf1f143b41e24485cea50d1cbac27 -> 
  custom:video-encoder-webm-vp8: eb34c28f22e8b96e1ab97ce403110664 -> 
  custom:video-decoder-webm-vp8: 9c59270c3fd7afecdb556c50c9e8de78 -> 
  custom:audio-decoder-ogg-vorbis: bf7c407c2cedff20999df2af8eb42d56 -> 
  custom:audio-encoder-webm-vorbis: bf7c407c2cedff20999df2af8eb42d56 -> 
